============================================================
Argonne Model Training (DDP)
============================================================
Using device: cuda:0, World size: 2
Vocab size: 151669, EOS token ID: 151643
Using 2 GPUs with DistributedDataParallel
Compiling model with torch.compile...
Model parameters: 1,376,278,528
Mixed precision: autocast fp16
Attention Residuals: OFF (standard residuals)
DataLoader: 20,839,021,454 tokens
Training for 1 epoch(s) ~= 2543825 steps (20,839,021,454 tokens)

Starting training...
GPUs: 2, Batch size per GPU: 4
Sequence length: 256
Total batch size: 8192 tokens (requested: 8192)
Gradient accumulation steps: 4
Training for 1 epoch(s) (estimated ~2543825 steps)
LR: 0.0001, Warmup: 1000, Min LR Ratio: 0.1, Precision: fp16, TorchCompile: 1
Checkpoint interval: 999999 seconds
Mode: continued pretraining (fresh schedule)
------------------------------------------------------------
Step 10 | Loss: 12.4186 | PPL: 247368.74 | Tokens: 81,920 | LR: 1.00e-06
Step 20 | Loss: 12.3665 | PPL: 234795.53 | Tokens: 163,840 | LR: 2.00e-06
Step 30 | Loss: 12.3252 | PPL: 225312.15 | Tokens: 245,760 | LR: 3.00e-06
Step 40 | Loss: 11.9396 | PPL: 153209.40 | Tokens: 327,680 | LR: 4.00e-06
Step 50 | Loss: 11.7546 | PPL: 127336.82 | Tokens: 409,600 | LR: 5.00e-06
Step 60 | Loss: 10.9428 | PPL: 56546.72 | Tokens: 491,520 | LR: 6.00e-06
Step 70 | Loss: 10.8482 | PPL: 51440.34 | Tokens: 573,440 | LR: 7.00e-06
Step 80 | Loss: 10.6323 | PPL: 41451.34 | Tokens: 655,360 | LR: 8.00e-06
Step 90 | Loss: 9.8878 | PPL: 19689.04 | Tokens: 737,280 | LR: 9.00e-06
Step 100 | Loss: 9.6720 | PPL: 15867.55 | Tokens: 819,200 | LR: 1.00e-05
Step 110 | Loss: 9.7227 | PPL: 16691.43 | Tokens: 901,120 | LR: 1.10e-05
Step 120 | Loss: 9.1790 | PPL: 9690.97 | Tokens: 983,040 | LR: 1.20e-05
Step 130 | Loss: 9.0573 | PPL: 8580.77 | Tokens: 1,064,960 | LR: 1.30e-05
Step 140 | Loss: 9.2939 | PPL: 10871.98 | Tokens: 1,146,880 | LR: 1.40e-05
Step 150 | Loss: 9.0645 | PPL: 8643.02 | Tokens: 1,228,800 | LR: 1.50e-05
Step 160 | Loss: 8.8695 | PPL: 7111.66 | Tokens: 1,310,720 | LR: 1.60e-05
Step 170 | Loss: 8.9019 | PPL: 7346.23 | Tokens: 1,392,640 | LR: 1.70e-05
Step 180 | Loss: 8.6230 | PPL: 5558.30 | Tokens: 1,474,560 | LR: 1.80e-05
Step 190 | Loss: 8.9657 | PPL: 7830.11 | Tokens: 1,556,480 | LR: 1.90e-05
Step 200 | Loss: 8.6694 | PPL: 5821.77 | Tokens: 1,638,400 | LR: 2.00e-05
Step 210 | Loss: 8.9623 | PPL: 7803.63 | Tokens: 1,720,320 | LR: 2.10e-05
Step 220 | Loss: 8.5763 | PPL: 5304.45 | Tokens: 1,802,240 | LR: 2.20e-05
Step 230 | Loss: 8.3340 | PPL: 4163.12 | Tokens: 1,884,160 | LR: 2.30e-05
Step 240 | Loss: 8.0956 | PPL: 3279.96 | Tokens: 1,966,080 | LR: 2.40e-05
Step 250 | Loss: 8.4176 | PPL: 4526.03 | Tokens: 2,048,000 | LR: 2.50e-05
Step 260 | Loss: 8.1344 | PPL: 3409.63 | Tokens: 2,129,920 | LR: 2.60e-05
Step 270 | Loss: 8.1652 | PPL: 3516.31 | Tokens: 2,211,840 | LR: 2.70e-05
Step 280 | Loss: 7.8763 | PPL: 2633.99 | Tokens: 2,293,760 | LR: 2.80e-05
Step 290 | Loss: 7.7676 | PPL: 2362.85 | Tokens: 2,375,680 | LR: 2.90e-05
Step 300 | Loss: 7.9890 | PPL: 2948.32 | Tokens: 2,457,600 | LR: 3.00e-05
Step 310 | Loss: 7.6385 | PPL: 2076.59 | Tokens: 2,539,520 | LR: 3.10e-05
Step 320 | Loss: 8.1124 | PPL: 3335.60 | Tokens: 2,621,440 | LR: 3.20e-05
Step 330 | Loss: 8.3700 | PPL: 4315.45 | Tokens: 2,703,360 | LR: 3.30e-05
Step 340 | Loss: 8.0639 | PPL: 3177.78 | Tokens: 2,785,280 | LR: 3.40e-05
Step 350 | Loss: 7.9132 | PPL: 2733.12 | Tokens: 2,867,200 | LR: 3.50e-05
Step 360 | Loss: 7.7945 | PPL: 2427.31 | Tokens: 2,949,120 | LR: 3.60e-05
Step 370 | Loss: 8.3130 | PPL: 4076.32 | Tokens: 3,031,040 | LR: 3.70e-05
Step 380 | Loss: 7.7216 | PPL: 2256.64 | Tokens: 3,112,960 | LR: 3.80e-05
Step 390 | Loss: 7.8812 | PPL: 2646.97 | Tokens: 3,194,880 | LR: 3.90e-05
Step 400 | Loss: 7.4827 | PPL: 1777.07 | Tokens: 3,276,800 | LR: 4.00e-05
Step 410 | Loss: 8.2189 | PPL: 3710.33 | Tokens: 3,358,720 | LR: 4.10e-05
Step 420 | Loss: 7.9654 | PPL: 2879.65 | Tokens: 3,440,640 | LR: 4.20e-05
Step 430 | Loss: 7.7889 | PPL: 2413.76 | Tokens: 3,522,560 | LR: 4.30e-05
Step 440 | Loss: 7.4662 | PPL: 1748.00 | Tokens: 3,604,480 | LR: 4.40e-05
Step 450 | Loss: 8.0046 | PPL: 2994.72 | Tokens: 3,686,400 | LR: 4.50e-05
Step 460 | Loss: 7.6223 | PPL: 2043.30 | Tokens: 3,768,320 | LR: 4.60e-05
Step 470 | Loss: 8.1577 | PPL: 3490.05 | Tokens: 3,850,240 | LR: 4.70e-05
Step 480 | Loss: 7.8549 | PPL: 2578.38 | Tokens: 3,932,160 | LR: 4.80e-05
Step 490 | Loss: 7.7075 | PPL: 2224.93 | Tokens: 4,014,080 | LR: 4.90e-05
Step 500 | Loss: 8.4853 | PPL: 4843.28 | Tokens: 4,096,000 | LR: 5.00e-05
Step 510 | Loss: 8.1033 | PPL: 3305.22 | Tokens: 4,177,920 | LR: 5.10e-05
Step 520 | Loss: 7.9070 | PPL: 2716.22 | Tokens: 4,259,840 | LR: 5.20e-05
Step 530 | Loss: 7.3024 | PPL: 1483.81 | Tokens: 4,341,760 | LR: 5.30e-05
Step 540 | Loss: 7.9447 | PPL: 2820.48 | Tokens: 4,423,680 | LR: 5.40e-05
Step 550 | Loss: 8.5914 | PPL: 5385.28 | Tokens: 4,505,600 | LR: 5.50e-05
Step 560 | Loss: 8.0355 | PPL: 3088.53 | Tokens: 4,587,520 | LR: 5.60e-05
Step 570 | Loss: 7.8181 | PPL: 2485.11 | Tokens: 4,669,440 | LR: 5.70e-05
Step 580 | Loss: 8.4908 | PPL: 4869.67 | Tokens: 4,751,360 | LR: 5.80e-05
Step 590 | Loss: 7.4498 | PPL: 1719.45 | Tokens: 4,833,280 | LR: 5.90e-05
Step 600 | Loss: 7.9357 | PPL: 2795.32 | Tokens: 4,915,200 | LR: 6.00e-05
Step 610 | Loss: 8.5074 | PPL: 4951.29 | Tokens: 4,997,120 | LR: 6.10e-05
Step 620 | Loss: 9.2146 | PPL: 10042.76 | Tokens: 5,079,040 | LR: 6.20e-05
Step 630 | Loss: 8.2026 | PPL: 3650.30 | Tokens: 5,160,960 | LR: 6.30e-05
Step 640 | Loss: 7.7398 | PPL: 2297.99 | Tokens: 5,242,880 | LR: 6.40e-05
Step 650 | Loss: 8.1679 | PPL: 3525.76 | Tokens: 5,324,800 | LR: 6.50e-05
Step 660 | Loss: 8.4628 | PPL: 4735.27 | Tokens: 5,406,720 | LR: 6.60e-05
Step 670 | Loss: 8.1381 | PPL: 3422.37 | Tokens: 5,488,640 | LR: 6.70e-05
Step 680 | Loss: 8.4508 | PPL: 4678.68 | Tokens: 5,570,560 | LR: 6.80e-05
Step 690 | Loss: 7.8263 | PPL: 2505.56 | Tokens: 5,652,480 | LR: 6.90e-05
Step 700 | Loss: 8.1264 | PPL: 3382.45 | Tokens: 5,734,400 | LR: 7.00e-05
Step 710 | Loss: 7.8477 | PPL: 2559.72 | Tokens: 5,816,320 | LR: 7.10e-05
Step 720 | Loss: 8.5952 | PPL: 5405.66 | Tokens: 5,898,240 | LR: 7.20e-05
Step 730 | Loss: 8.4127 | PPL: 4503.74 | Tokens: 5,980,160 | LR: 7.30e-05
Step 740 | Loss: 7.9046 | PPL: 2709.78 | Tokens: 6,062,080 | LR: 7.40e-05
Step 750 | Loss: 8.2460 | PPL: 3812.31 | Tokens: 6,144,000 | LR: 7.50e-05
Step 760 | Loss: 8.6190 | PPL: 5535.61 | Tokens: 6,225,920 | LR: 7.60e-05
Step 770 | Loss: 8.1067 | PPL: 3316.55 | Tokens: 6,307,840 | LR: 7.70e-05
Step 780 | Loss: 8.5389 | PPL: 5109.58 | Tokens: 6,389,760 | LR: 7.80e-05
Step 790 | Loss: 8.7596 | PPL: 6371.37 | Tokens: 6,471,680 | LR: 7.90e-05
Step 800 | Loss: 8.3887 | PPL: 4397.08 | Tokens: 6,553,600 | LR: 8.00e-05
Step 810 | Loss: 8.0704 | PPL: 3198.26 | Tokens: 6,635,520 | LR: 8.10e-05
Step 820 | Loss: 8.3468 | PPL: 4216.75 | Tokens: 6,717,440 | LR: 8.20e-05
Step 830 | Loss: 9.0021 | PPL: 8119.76 | Tokens: 6,799,360 | LR: 8.30e-05
Step 840 | Loss: 7.9853 | PPL: 2937.43 | Tokens: 6,881,280 | LR: 8.40e-05
Step 850 | Loss: 9.1234 | PPL: 9167.38 | Tokens: 6,963,200 | LR: 8.50e-05
Step 860 | Loss: 8.0751 | PPL: 3213.41 | Tokens: 7,045,120 | LR: 8.60e-05
Step 870 | Loss: 9.2136 | PPL: 10032.17 | Tokens: 7,127,040 | LR: 8.70e-05
Step 880 | Loss: 7.9075 | PPL: 2717.65 | Tokens: 7,208,960 | LR: 8.80e-05
Step 890 | Loss: 8.5058 | PPL: 4943.36 | Tokens: 7,290,880 | LR: 8.90e-05
Step 900 | Loss: 8.4105 | PPL: 4493.90 | Tokens: 7,372,800 | LR: 9.00e-05
Step 910 | Loss: 8.0247 | PPL: 3055.38 | Tokens: 7,454,720 | LR: 9.10e-05
Step 920 | Loss: 8.4121 | PPL: 4501.34 | Tokens: 7,536,640 | LR: 9.20e-05
Step 930 | Loss: 7.9039 | PPL: 2707.79 | Tokens: 7,618,560 | LR: 9.30e-05
Step 940 | Loss: 8.5973 | PPL: 5417.06 | Tokens: 7,700,480 | LR: 9.40e-05
Step 950 | Loss: 8.5354 | PPL: 5092.05 | Tokens: 7,782,400 | LR: 9.50e-05
Step 960 | Loss: 8.8501 | PPL: 6974.81 | Tokens: 7,864,320 | LR: 9.60e-05
Step 970 | Loss: 8.4671 | PPL: 4755.76 | Tokens: 7,946,240 | LR: 9.70e-05
Step 980 | Loss: 8.8334 | PPL: 6859.88 | Tokens: 8,028,160 | LR: 9.80e-05
Step 990 | Loss: 8.6485 | PPL: 5701.64 | Tokens: 8,110,080 | LR: 9.90e-05
Step 1000 | Loss: 9.0117 | PPL: 8198.40 | Tokens: 8,192,000 | LR: 1.00e-04
Step 1010 | Loss: 9.4951 | PPL: 13294.72 | Tokens: 8,273,920 | LR: 1.00e-04
Step 1020 | Loss: 8.6807 | PPL: 5888.40 | Tokens: 8,355,840 | LR: 1.00e-04
Step 1030 | Loss: 9.1678 | PPL: 9583.63 | Tokens: 8,437,760 | LR: 1.00e-04
Step 1040 | Loss: 8.7311 | PPL: 6192.39 | Tokens: 8,519,680 | LR: 1.00e-04
Step 1050 | Loss: 8.9032 | PPL: 7355.24 | Tokens: 8,601,600 | LR: 1.00e-04
Step 1060 | Loss: 8.4767 | PPL: 4801.82 | Tokens: 8,683,520 | LR: 1.00e-04
Step 1070 | Loss: 9.3817 | PPL: 11869.15 | Tokens: 8,765,440 | LR: 1.00e-04
Step 1080 | Loss: 8.5158 | PPL: 4993.00 | Tokens: 8,847,360 | LR: 1.00e-04
Step 1090 | Loss: 8.9507 | PPL: 7713.62 | Tokens: 8,929,280 | LR: 1.00e-04
Step 1100 | Loss: 8.4447 | PPL: 4650.43 | Tokens: 9,011,200 | LR: 1.00e-04
Step 1110 | Loss: 8.1816 | PPL: 3574.70 | Tokens: 9,093,120 | LR: 1.00e-04
Step 1120 | Loss: 9.1068 | PPL: 9016.42 | Tokens: 9,175,040 | LR: 1.00e-04
Step 1130 | Loss: 8.6961 | PPL: 5979.68 | Tokens: 9,256,960 | LR: 1.00e-04
Step 1140 | Loss: 9.2091 | PPL: 9987.74 | Tokens: 9,338,880 | LR: 1.00e-04
Step 1150 | Loss: 9.5024 | PPL: 13392.06 | Tokens: 9,420,800 | LR: 1.00e-04
Step 1160 | Loss: 8.8220 | PPL: 6781.77 | Tokens: 9,502,720 | LR: 1.00e-04
Step 1170 | Loss: 9.0348 | PPL: 8390.22 | Tokens: 9,584,640 | LR: 1.00e-04
Step 1180 | Loss: 8.8644 | PPL: 7075.40 | Tokens: 9,666,560 | LR: 1.00e-04
Step 1190 | Loss: 9.1120 | PPL: 9063.43 | Tokens: 9,748,480 | LR: 1.00e-04
Step 1200 | Loss: 8.4652 | PPL: 4746.68 | Tokens: 9,830,400 | LR: 1.00e-04
Step 1210 | Loss: 8.1614 | PPL: 3503.08 | Tokens: 9,912,320 | LR: 1.00e-04
Step 1220 | Loss: 9.7791 | PPL: 17660.42 | Tokens: 9,994,240 | LR: 1.00e-04
Step 1230 | Loss: 9.5742 | PPL: 14388.05 | Tokens: 10,076,160 | LR: 1.00e-04
Step 1240 | Loss: 9.2188 | PPL: 10084.66 | Tokens: 10,158,080 | LR: 1.00e-04
Step 1250 | Loss: 9.1018 | PPL: 8971.65 | Tokens: 10,240,000 | LR: 1.00e-04
Step 1260 | Loss: 10.1262 | PPL: 24988.48 | Tokens: 10,321,920 | LR: 1.00e-04
