HOSTNAME=midway3-0315.rcc.local
NVIDIA A100-SXM4-40GB, 40960 MiB, 00000000:17:00.0
NVIDIA A100-SXM4-40GB, 40960 MiB, 00000000:B1:00.0
============================================================
Argonne Model Training (DDP)
============================================================
Using device: cuda:0, World size: 2
Vocab size: 151669, EOS token ID: 151643
Using 2 GPUs with DistributedDataParallel
Compiling model with torch.compile...
Model parameters: 1,376,278,528
Mixed precision: autocast bf16
Attention Residuals: OFF (standard residuals)
DataLoader: 20,839,021,454 tokens
Training for 1 epoch(s) ~= 2543825 steps (20,839,021,454 tokens)

Starting training...
GPUs: 2, Batch size per GPU: 4
Sequence length: 256
Total batch size: 8192 tokens (requested: 8192)
Gradient accumulation steps: 4
Training for 1 epoch(s) (estimated ~2543825 steps)
LR: 0.0001, Warmup: 1000, Min LR Ratio: 0.1, Precision: bf16, TorchCompile: 1
Checkpoint interval: 999999 seconds
Mode: continued pretraining (fresh schedule)
------------------------------------------------------------
Step 10 | Loss: 12.4687 | PPL: 260073.23 | Tokens: 81,920 | LR: 1.00e-06
Step 20 | Loss: 12.3599 | PPL: 233251.34 | Tokens: 163,840 | LR: 2.00e-06
Step 30 | Loss: 12.1261 | PPL: 184620.14 | Tokens: 245,760 | LR: 3.00e-06
Step 40 | Loss: 11.7983 | PPL: 133025.10 | Tokens: 327,680 | LR: 4.00e-06
Step 50 | Loss: 11.5782 | PPL: 106741.27 | Tokens: 409,600 | LR: 5.00e-06
Step 60 | Loss: 10.6861 | PPL: 43743.07 | Tokens: 491,520 | LR: 6.00e-06
Step 70 | Loss: 10.5319 | PPL: 37492.19 | Tokens: 573,440 | LR: 7.00e-06
Step 80 | Loss: 10.2704 | PPL: 28866.48 | Tokens: 655,360 | LR: 8.00e-06
Step 90 | Loss: 9.4508 | PPL: 12718.32 | Tokens: 737,280 | LR: 9.00e-06
Step 100 | Loss: 9.1640 | PPL: 9547.18 | Tokens: 819,200 | LR: 1.00e-05
Step 110 | Loss: 9.1613 | PPL: 9521.32 | Tokens: 901,120 | LR: 1.10e-05
Step 120 | Loss: 8.4866 | PPL: 4849.47 | Tokens: 983,040 | LR: 1.20e-05
Step 130 | Loss: 8.2094 | PPL: 3675.39 | Tokens: 1,064,960 | LR: 1.30e-05
Step 140 | Loss: 8.5478 | PPL: 5155.22 | Tokens: 1,146,880 | LR: 1.40e-05
Step 150 | Loss: 8.1283 | PPL: 3389.10 | Tokens: 1,228,800 | LR: 1.50e-05
Step 160 | Loss: 7.9225 | PPL: 2758.70 | Tokens: 1,310,720 | LR: 1.60e-05
Step 170 | Loss: 7.8930 | PPL: 2678.37 | Tokens: 1,392,640 | LR: 1.70e-05
Step 180 | Loss: 7.7369 | PPL: 2291.39 | Tokens: 1,474,560 | LR: 1.80e-05
Step 190 | Loss: 8.0248 | PPL: 3055.69 | Tokens: 1,556,480 | LR: 1.90e-05
Step 200 | Loss: 7.6142 | PPL: 2026.80 | Tokens: 1,638,400 | LR: 2.00e-05
Step 210 | Loss: 8.1320 | PPL: 3401.43 | Tokens: 1,720,320 | LR: 2.10e-05
Step 220 | Loss: 7.7243 | PPL: 2262.67 | Tokens: 1,802,240 | LR: 2.20e-05
Step 230 | Loss: 7.4883 | PPL: 1786.94 | Tokens: 1,884,160 | LR: 2.30e-05
Step 240 | Loss: 7.2927 | PPL: 1469.55 | Tokens: 1,966,080 | LR: 2.40e-05
Step 250 | Loss: 7.8055 | PPL: 2454.18 | Tokens: 2,048,000 | LR: 2.50e-05
Step 260 | Loss: 7.3720 | PPL: 1590.78 | Tokens: 2,129,920 | LR: 2.60e-05
Step 270 | Loss: 7.6894 | PPL: 2185.09 | Tokens: 2,211,840 | LR: 2.70e-05
Step 280 | Loss: 7.3217 | PPL: 1512.81 | Tokens: 2,293,760 | LR: 2.80e-05
Step 290 | Loss: 7.2918 | PPL: 1468.22 | Tokens: 2,375,680 | LR: 2.90e-05
Step 300 | Loss: 7.6236 | PPL: 2045.98 | Tokens: 2,457,600 | LR: 3.00e-05
Step 310 | Loss: 7.2477 | PPL: 1404.89 | Tokens: 2,539,520 | LR: 3.10e-05
Step 320 | Loss: 7.6999 | PPL: 2208.18 | Tokens: 2,621,440 | LR: 3.20e-05
Step 330 | Loss: 7.9530 | PPL: 2844.20 | Tokens: 2,703,360 | LR: 3.30e-05
Step 340 | Loss: 7.6566 | PPL: 2114.46 | Tokens: 2,785,280 | LR: 3.40e-05
Step 350 | Loss: 7.5239 | PPL: 1851.77 | Tokens: 2,867,200 | LR: 3.50e-05
Step 360 | Loss: 7.5312 | PPL: 1865.40 | Tokens: 2,949,120 | LR: 3.60e-05
Step 370 | Loss: 7.9076 | PPL: 2717.75 | Tokens: 3,031,040 | LR: 3.70e-05
Step 380 | Loss: 7.3941 | PPL: 1626.28 | Tokens: 3,112,960 | LR: 3.80e-05
Step 390 | Loss: 7.4263 | PPL: 1679.57 | Tokens: 3,194,880 | LR: 3.90e-05
Step 400 | Loss: 7.0740 | PPL: 1180.84 | Tokens: 3,276,800 | LR: 4.00e-05
Step 410 | Loss: 7.8387 | PPL: 2536.92 | Tokens: 3,358,720 | LR: 4.10e-05
Step 420 | Loss: 7.6782 | PPL: 2160.78 | Tokens: 3,440,640 | LR: 4.20e-05
Step 430 | Loss: 7.4102 | PPL: 1652.71 | Tokens: 3,522,560 | LR: 4.30e-05
Step 440 | Loss: 7.0649 | PPL: 1170.13 | Tokens: 3,604,480 | LR: 4.40e-05
Step 450 | Loss: 7.5465 | PPL: 1894.19 | Tokens: 3,686,400 | LR: 4.50e-05
Step 460 | Loss: 7.0281 | PPL: 1127.86 | Tokens: 3,768,320 | LR: 4.60e-05
Step 470 | Loss: 7.6157 | PPL: 2029.83 | Tokens: 3,850,240 | LR: 4.70e-05
Step 480 | Loss: 7.4952 | PPL: 1799.39 | Tokens: 3,932,160 | LR: 4.80e-05
Step 490 | Loss: 7.1556 | PPL: 1281.26 | Tokens: 4,014,080 | LR: 4.90e-05
Step 500 | Loss: 8.0072 | PPL: 3002.48 | Tokens: 4,096,000 | LR: 5.00e-05
Step 510 | Loss: 7.6266 | PPL: 2052.10 | Tokens: 4,177,920 | LR: 5.10e-05
Step 520 | Loss: 7.4086 | PPL: 1650.15 | Tokens: 4,259,840 | LR: 5.20e-05
Step 530 | Loss: 6.8758 | PPL: 968.54 | Tokens: 4,341,760 | LR: 5.30e-05
Step 540 | Loss: 7.2095 | PPL: 1352.23 | Tokens: 4,423,680 | LR: 5.40e-05
Step 550 | Loss: 7.8315 | PPL: 2518.68 | Tokens: 4,505,600 | LR: 5.50e-05
Step 560 | Loss: 7.5214 | PPL: 1847.08 | Tokens: 4,587,520 | LR: 5.60e-05
Step 570 | Loss: 7.2171 | PPL: 1362.48 | Tokens: 4,669,440 | LR: 5.70e-05
Step 580 | Loss: 7.9799 | PPL: 2921.60 | Tokens: 4,751,360 | LR: 5.80e-05
Step 590 | Loss: 6.9975 | PPL: 1093.93 | Tokens: 4,833,280 | LR: 5.90e-05
Step 600 | Loss: 7.2319 | PPL: 1382.85 | Tokens: 4,915,200 | LR: 6.00e-05
Step 610 | Loss: 7.6817 | PPL: 2168.41 | Tokens: 4,997,120 | LR: 6.10e-05
Step 620 | Loss: 8.3778 | PPL: 4349.22 | Tokens: 5,079,040 | LR: 6.20e-05
Step 630 | Loss: 7.4928 | PPL: 1795.14 | Tokens: 5,160,960 | LR: 6.30e-05
Step 640 | Loss: 7.0915 | PPL: 1201.74 | Tokens: 5,242,880 | LR: 6.40e-05
Step 650 | Loss: 7.3021 | PPL: 1483.48 | Tokens: 5,324,800 | LR: 6.50e-05
Step 660 | Loss: 7.7505 | PPL: 2322.75 | Tokens: 5,406,720 | LR: 6.60e-05
Step 670 | Loss: 7.4016 | PPL: 1638.63 | Tokens: 5,488,640 | LR: 6.70e-05
Step 680 | Loss: 7.5385 | PPL: 1879.06 | Tokens: 5,570,560 | LR: 6.80e-05
Step 690 | Loss: 7.0068 | PPL: 1104.08 | Tokens: 5,652,480 | LR: 6.90e-05
Step 700 | Loss: 7.4706 | PPL: 1755.63 | Tokens: 5,734,400 | LR: 7.00e-05
Step 710 | Loss: 7.0230 | PPL: 1122.17 | Tokens: 5,816,320 | LR: 7.10e-05
Step 720 | Loss: 7.5552 | PPL: 1910.57 | Tokens: 5,898,240 | LR: 7.20e-05
Step 730 | Loss: 7.3834 | PPL: 1609.01 | Tokens: 5,980,160 | LR: 7.30e-05
Step 740 | Loss: 7.2002 | PPL: 1339.68 | Tokens: 6,062,080 | LR: 7.40e-05
Step 750 | Loss: 7.1783 | PPL: 1310.73 | Tokens: 6,144,000 | LR: 7.50e-05
Step 760 | Loss: 7.1184 | PPL: 1234.49 | Tokens: 6,225,920 | LR: 7.60e-05
Step 770 | Loss: 7.2557 | PPL: 1416.09 | Tokens: 6,307,840 | LR: 7.70e-05
Step 780 | Loss: 7.2586 | PPL: 1420.30 | Tokens: 6,389,760 | LR: 7.80e-05
Step 790 | Loss: 7.7026 | PPL: 2214.14 | Tokens: 6,471,680 | LR: 7.90e-05
Step 800 | Loss: 7.4981 | PPL: 1804.58 | Tokens: 6,553,600 | LR: 8.00e-05
Step 810 | Loss: 6.8921 | PPL: 984.44 | Tokens: 6,635,520 | LR: 8.10e-05
Step 820 | Loss: 6.9957 | PPL: 1091.98 | Tokens: 6,717,440 | LR: 8.20e-05
Step 830 | Loss: 7.4798 | PPL: 1771.97 | Tokens: 6,799,360 | LR: 8.30e-05
Step 840 | Loss: 7.1789 | PPL: 1311.40 | Tokens: 6,881,280 | LR: 8.40e-05
Step 850 | Loss: 6.9493 | PPL: 1042.41 | Tokens: 6,963,200 | LR: 8.50e-05
Step 860 | Loss: 6.9678 | PPL: 1061.94 | Tokens: 7,045,120 | LR: 8.60e-05
Step 870 | Loss: 7.4688 | PPL: 1752.54 | Tokens: 7,127,040 | LR: 8.70e-05
Step 880 | Loss: 6.5632 | PPL: 708.52 | Tokens: 7,208,960 | LR: 8.80e-05
Step 890 | Loss: 7.2663 | PPL: 1431.21 | Tokens: 7,290,880 | LR: 8.90e-05
Step 900 | Loss: 7.1213 | PPL: 1238.11 | Tokens: 7,372,800 | LR: 9.00e-05
Step 910 | Loss: 6.4359 | PPL: 623.84 | Tokens: 7,454,720 | LR: 9.10e-05
Step 920 | Loss: 6.6978 | PPL: 810.66 | Tokens: 7,536,640 | LR: 9.20e-05
Step 930 | Loss: 6.6600 | PPL: 780.54 | Tokens: 7,618,560 | LR: 9.30e-05
Step 940 | Loss: 7.1489 | PPL: 1272.69 | Tokens: 7,700,480 | LR: 9.40e-05
Step 950 | Loss: 7.0088 | PPL: 1106.36 | Tokens: 7,782,400 | LR: 9.50e-05
Step 960 | Loss: 7.2200 | PPL: 1366.43 | Tokens: 7,864,320 | LR: 9.60e-05
Step 970 | Loss: 7.3198 | PPL: 1509.89 | Tokens: 7,946,240 | LR: 9.70e-05
Step 980 | Loss: 7.4300 | PPL: 1685.75 | Tokens: 8,028,160 | LR: 9.80e-05
Step 990 | Loss: 7.3042 | PPL: 1486.56 | Tokens: 8,110,080 | LR: 9.90e-05
Step 1000 | Loss: 7.0890 | PPL: 1198.65 | Tokens: 8,192,000 | LR: 1.00e-04
Step 1010 | Loss: 7.5284 | PPL: 1860.10 | Tokens: 8,273,920 | LR: 1.00e-04
Step 1020 | Loss: 6.8335 | PPL: 928.40 | Tokens: 8,355,840 | LR: 1.00e-04
Step 1030 | Loss: 7.2192 | PPL: 1365.39 | Tokens: 8,437,760 | LR: 1.00e-04
Step 1040 | Loss: 7.1385 | PPL: 1259.53 | Tokens: 8,519,680 | LR: 1.00e-04
Step 1050 | Loss: 6.9551 | PPL: 1048.49 | Tokens: 8,601,600 | LR: 1.00e-04
Step 1060 | Loss: 6.9712 | PPL: 1065.45 | Tokens: 8,683,520 | LR: 1.00e-04
Step 1070 | Loss: 7.4445 | PPL: 1710.36 | Tokens: 8,765,440 | LR: 1.00e-04
Step 1080 | Loss: 6.9259 | PPL: 1018.34 | Tokens: 8,847,360 | LR: 1.00e-04
Step 1090 | Loss: 7.4977 | PPL: 1803.94 | Tokens: 8,929,280 | LR: 1.00e-04
Step 1100 | Loss: 7.0548 | PPL: 1158.44 | Tokens: 9,011,200 | LR: 1.00e-04
Step 1110 | Loss: 6.6585 | PPL: 779.42 | Tokens: 9,093,120 | LR: 1.00e-04
Step 1120 | Loss: 7.0021 | PPL: 1098.89 | Tokens: 9,175,040 | LR: 1.00e-04
Step 1130 | Loss: 6.7711 | PPL: 872.29 | Tokens: 9,256,960 | LR: 1.00e-04
Step 1140 | Loss: 6.8943 | PPL: 986.64 | Tokens: 9,338,880 | LR: 1.00e-04
Step 1150 | Loss: 7.4663 | PPL: 1748.19 | Tokens: 9,420,800 | LR: 1.00e-04
Step 1160 | Loss: 7.1144 | PPL: 1229.54 | Tokens: 9,502,720 | LR: 1.00e-04
Step 1170 | Loss: 7.3104 | PPL: 1495.76 | Tokens: 9,584,640 | LR: 1.00e-04
Step 1180 | Loss: 6.8083 | PPL: 905.35 | Tokens: 9,666,560 | LR: 1.00e-04
Step 1190 | Loss: 7.5623 | PPL: 1924.27 | Tokens: 9,748,480 | LR: 1.00e-04
Step 1200 | Loss: 6.8942 | PPL: 986.55 | Tokens: 9,830,400 | LR: 1.00e-04
Step 1210 | Loss: 6.4009 | PPL: 602.39 | Tokens: 9,912,320 | LR: 1.00e-04
Step 1220 | Loss: 7.2949 | PPL: 1472.81 | Tokens: 9,994,240 | LR: 1.00e-04
Step 1230 | Loss: 7.4482 | PPL: 1716.85 | Tokens: 10,076,160 | LR: 1.00e-04
Step 1240 | Loss: 7.2519 | PPL: 1410.71 | Tokens: 10,158,080 | LR: 1.00e-04
Step 1250 | Loss: 7.0231 | PPL: 1122.23 | Tokens: 10,240,000 | LR: 1.00e-04
Step 1260 | Loss: 7.1808 | PPL: 1313.89 | Tokens: 10,321,920 | LR: 1.00e-04
Step 1270 | Loss: 7.1113 | PPL: 1225.73 | Tokens: 10,403,840 | LR: 1.00e-04
Step 1280 | Loss: 6.9669 | PPL: 1060.91 | Tokens: 10,485,760 | LR: 1.00e-04
Step 1290 | Loss: 7.1576 | PPL: 1283.85 | Tokens: 10,567,680 | LR: 1.00e-04
Step 1300 | Loss: 7.3368 | PPL: 1535.74 | Tokens: 10,649,600 | LR: 1.00e-04
Step 1310 | Loss: 6.5936 | PPL: 730.44 | Tokens: 10,731,520 | LR: 1.00e-04
Step 1320 | Loss: 6.7231 | PPL: 831.38 | Tokens: 10,813,440 | LR: 1.00e-04
Step 1330 | Loss: 6.6143 | PPL: 745.69 | Tokens: 10,895,360 | LR: 1.00e-04
Step 1340 | Loss: 6.5728 | PPL: 715.35 | Tokens: 10,977,280 | LR: 1.00e-04
Step 1350 | Loss: 7.1080 | PPL: 1221.73 | Tokens: 11,059,200 | LR: 1.00e-04
Step 1360 | Loss: 6.6563 | PPL: 777.68 | Tokens: 11,141,120 | LR: 1.00e-04
Step 1370 | Loss: 6.6447 | PPL: 768.69 | Tokens: 11,223,040 | LR: 1.00e-04
Step 1380 | Loss: 6.2358 | PPL: 510.70 | Tokens: 11,304,960 | LR: 1.00e-04
Step 1390 | Loss: 6.9529 | PPL: 1046.15 | Tokens: 11,386,880 | LR: 1.00e-04
Step 1400 | Loss: 6.8639 | PPL: 957.07 | Tokens: 11,468,800 | LR: 1.00e-04
Step 1410 | Loss: 6.3308 | PPL: 561.62 | Tokens: 11,550,720 | LR: 1.00e-04
Step 1420 | Loss: 7.5126 | PPL: 1831.03 | Tokens: 11,632,640 | LR: 1.00e-04
Step 1430 | Loss: 7.2272 | PPL: 1376.34 | Tokens: 11,714,560 | LR: 1.00e-04
Step 1440 | Loss: 6.7496 | PPL: 853.70 | Tokens: 11,796,480 | LR: 1.00e-04
Step 1450 | Loss: 6.3866 | PPL: 593.81 | Tokens: 11,878,400 | LR: 1.00e-04
Step 1460 | Loss: 6.4532 | PPL: 634.74 | Tokens: 11,960,320 | LR: 1.00e-04
Step 1470 | Loss: 6.2614 | PPL: 523.98 | Tokens: 12,042,240 | LR: 1.00e-04
Step 1480 | Loss: 7.3952 | PPL: 1628.19 | Tokens: 12,124,160 | LR: 1.00e-04
Step 1490 | Loss: 7.0370 | PPL: 1138.02 | Tokens: 12,206,080 | LR: 1.00e-04
Step 1500 | Loss: 7.1322 | PPL: 1251.67 | Tokens: 12,288,000 | LR: 1.00e-04
Step 1510 | Loss: 7.2371 | PPL: 1390.09 | Tokens: 12,369,920 | LR: 1.00e-04
Step 1520 | Loss: 6.6659 | PPL: 785.14 | Tokens: 12,451,840 | LR: 1.00e-04
Step 1530 | Loss: 7.1405 | PPL: 1262.11 | Tokens: 12,533,760 | LR: 1.00e-04
Step 1540 | Loss: 6.8500 | PPL: 943.85 | Tokens: 12,615,680 | LR: 1.00e-04
Step 1550 | Loss: 5.7828 | PPL: 324.68 | Tokens: 12,697,600 | LR: 1.00e-04
Step 1560 | Loss: 6.7118 | PPL: 822.01 | Tokens: 12,779,520 | LR: 1.00e-04
Step 1570 | Loss: 6.6392 | PPL: 764.49 | Tokens: 12,861,440 | LR: 1.00e-04
Step 1580 | Loss: 6.5116 | PPL: 672.93 | Tokens: 12,943,360 | LR: 1.00e-04
Step 1590 | Loss: 6.9750 | PPL: 1069.59 | Tokens: 13,025,280 | LR: 1.00e-04
Step 1600 | Loss: 6.6449 | PPL: 768.85 | Tokens: 13,107,200 | LR: 1.00e-04
Step 1610 | Loss: 6.6700 | PPL: 788.36 | Tokens: 13,189,120 | LR: 1.00e-04
Step 1620 | Loss: 6.6448 | PPL: 768.74 | Tokens: 13,271,040 | LR: 1.00e-04
Step 1630 | Loss: 6.2267 | PPL: 506.08 | Tokens: 13,352,960 | LR: 1.00e-04
Step 1640 | Loss: 7.2015 | PPL: 1341.43 | Tokens: 13,434,880 | LR: 1.00e-04
Step 1650 | Loss: 6.9441 | PPL: 1036.96 | Tokens: 13,516,800 | LR: 1.00e-04
Step 1660 | Loss: 7.0364 | PPL: 1137.28 | Tokens: 13,598,720 | LR: 1.00e-04
Step 1670 | Loss: 6.4247 | PPL: 616.87 | Tokens: 13,680,640 | LR: 1.00e-04
Step 1680 | Loss: 7.6274 | PPL: 2053.71 | Tokens: 13,762,560 | LR: 1.00e-04
Step 1690 | Loss: 7.1557 | PPL: 1281.36 | Tokens: 13,844,480 | LR: 1.00e-04
Step 1700 | Loss: 6.6592 | PPL: 779.93 | Tokens: 13,926,400 | LR: 1.00e-04
Step 1710 | Loss: 6.4078 | PPL: 606.58 | Tokens: 14,008,320 | LR: 1.00e-04
Step 1720 | Loss: 6.9769 | PPL: 1071.55 | Tokens: 14,090,240 | LR: 1.00e-04
Step 1730 | Loss: 5.6890 | PPL: 295.61 | Tokens: 14,172,160 | LR: 1.00e-04
Step 1740 | Loss: 6.7385 | PPL: 844.27 | Tokens: 14,254,080 | LR: 1.00e-04
Step 1750 | Loss: 6.3992 | PPL: 601.34 | Tokens: 14,336,000 | LR: 1.00e-04
Step 1760 | Loss: 6.3947 | PPL: 598.64 | Tokens: 14,417,920 | LR: 1.00e-04
Step 1770 | Loss: 7.2283 | PPL: 1377.90 | Tokens: 14,499,840 | LR: 1.00e-04
Step 1780 | Loss: 7.0631 | PPL: 1168.06 | Tokens: 14,581,760 | LR: 1.00e-04
Step 1790 | Loss: 7.0103 | PPL: 1108.01 | Tokens: 14,663,680 | LR: 1.00e-04
Step 1800 | Loss: 6.3517 | PPL: 573.48 | Tokens: 14,745,600 | LR: 1.00e-04
Step 1810 | Loss: 6.8266 | PPL: 922.04 | Tokens: 14,827,520 | LR: 1.00e-04
Step 1820 | Loss: 6.8427 | PPL: 936.98 | Tokens: 14,909,440 | LR: 1.00e-04
Step 1830 | Loss: 6.6422 | PPL: 766.80 | Tokens: 14,991,360 | LR: 1.00e-04
Step 1840 | Loss: 6.9913 | PPL: 1087.16 | Tokens: 15,073,280 | LR: 1.00e-04
Step 1850 | Loss: 7.0738 | PPL: 1180.61 | Tokens: 15,155,200 | LR: 1.00e-04
Step 1860 | Loss: 6.6093 | PPL: 741.97 | Tokens: 15,237,120 | LR: 1.00e-04
Step 1870 | Loss: 6.5166 | PPL: 676.26 | Tokens: 15,319,040 | LR: 1.00e-04
Step 1880 | Loss: 6.8042 | PPL: 901.62 | Tokens: 15,400,960 | LR: 1.00e-04
Step 1890 | Loss: 6.4704 | PPL: 645.72 | Tokens: 15,482,880 | LR: 1.00e-04
Step 1900 | Loss: 6.8306 | PPL: 925.77 | Tokens: 15,564,800 | LR: 1.00e-04
Step 1910 | Loss: 6.4123 | PPL: 609.27 | Tokens: 15,646,720 | LR: 1.00e-04
Step 1920 | Loss: 6.4019 | PPL: 602.99 | Tokens: 15,728,640 | LR: 1.00e-04
Step 1930 | Loss: 6.7125 | PPL: 822.63 | Tokens: 15,810,560 | LR: 1.00e-04
Step 1940 | Loss: 6.6563 | PPL: 777.67 | Tokens: 15,892,480 | LR: 1.00e-04
Step 1950 | Loss: 6.3654 | PPL: 581.36 | Tokens: 15,974,400 | LR: 1.00e-04
Step 1960 | Loss: 7.0231 | PPL: 1122.30 | Tokens: 16,056,320 | LR: 1.00e-04
Step 1970 | Loss: 7.2147 | PPL: 1359.29 | Tokens: 16,138,240 | LR: 1.00e-04
Step 1980 | Loss: 6.0167 | PPL: 410.21 | Tokens: 16,220,160 | LR: 1.00e-04
Step 1990 | Loss: 6.4134 | PPL: 609.99 | Tokens: 16,302,080 | LR: 1.00e-04
Step 2000 | Loss: 6.1374 | PPL: 462.83 | Tokens: 16,384,000 | LR: 1.00e-04
Step 2010 | Loss: 6.5234 | PPL: 680.88 | Tokens: 16,465,920 | LR: 1.00e-04
Step 2020 | Loss: 6.4549 | PPL: 635.78 | Tokens: 16,547,840 | LR: 1.00e-04
Step 2030 | Loss: 6.8354 | PPL: 930.18 | Tokens: 16,629,760 | LR: 1.00e-04
Step 2040 | Loss: 6.7071 | PPL: 818.15 | Tokens: 16,711,680 | LR: 1.00e-04
Step 2050 | Loss: 5.8719 | PPL: 354.91 | Tokens: 16,793,600 | LR: 1.00e-04
Step 2060 | Loss: 7.1265 | PPL: 1244.51 | Tokens: 16,875,520 | LR: 1.00e-04
Step 2070 | Loss: 6.4101 | PPL: 607.97 | Tokens: 16,957,440 | LR: 1.00e-04
Step 2080 | Loss: 6.8329 | PPL: 927.85 | Tokens: 17,039,360 | LR: 1.00e-04
Step 2090 | Loss: 6.4825 | PPL: 653.63 | Tokens: 17,121,280 | LR: 1.00e-04
Step 2100 | Loss: 6.8727 | PPL: 965.57 | Tokens: 17,203,200 | LR: 1.00e-04
Step 2110 | Loss: 6.5943 | PPL: 730.93 | Tokens: 17,285,120 | LR: 1.00e-04
Step 2120 | Loss: 6.2196 | PPL: 502.50 | Tokens: 17,367,040 | LR: 1.00e-04
Step 2130 | Loss: 6.2309 | PPL: 508.19 | Tokens: 17,448,960 | LR: 1.00e-04
Step 2140 | Loss: 6.6097 | PPL: 742.24 | Tokens: 17,530,880 | LR: 1.00e-04
Step 2150 | Loss: 6.2720 | PPL: 529.53 | Tokens: 17,612,800 | LR: 1.00e-04
Step 2160 | Loss: 7.1248 | PPL: 1242.36 | Tokens: 17,694,720 | LR: 1.00e-04
Step 2170 | Loss: 5.8502 | PPL: 347.30 | Tokens: 17,776,640 | LR: 1.00e-04
