HOSTNAME=midway3-0315.rcc.local
NVIDIA A100-SXM4-40GB, 40960 MiB, 00000000:17:00.0
NVIDIA A100-SXM4-40GB, 40960 MiB, 00000000:B1:00.0
============================================================
Argonne Model Training (DDP)
============================================================
Using device: cuda:0, World size: 2
Vocab size: 151669, EOS token ID: 151643
Using 2 GPUs with DistributedDataParallel
Compiling model with torch.compile...
Model parameters: 1,376,278,528
Mixed precision: autocast bf16
Attention Residuals: OFF (standard residuals)
DataLoader: 20,839,021,454 tokens
Training for 1 epoch(s) ~= 2543825 steps (20,839,021,454 tokens)

Starting training...
GPUs: 2, Batch size per GPU: 4
Sequence length: 256
Total batch size: 8192 tokens (requested: 8192)
Gradient accumulation steps: 4
Training for 1 epoch(s) (estimated ~2543825 steps)
LR: 0.0001, Warmup: 1000, Min LR Ratio: 0.1, Precision: bf16, TorchCompile: 1
Checkpoint interval: 999999 seconds
Mode: continued pretraining (fresh schedule)
------------------------------------------------------------
Step 10 | Loss: 12.4228 | PPL: 248410.81 | Tokens: 81,920 | LR: 1.00e-06
Step 20 | Loss: 12.3184 | PPL: 223786.78 | Tokens: 163,840 | LR: 2.00e-06
Step 30 | Loss: 12.3215 | PPL: 224473.13 | Tokens: 245,760 | LR: 3.00e-06
Step 40 | Loss: 12.0231 | PPL: 166559.76 | Tokens: 327,680 | LR: 4.00e-06
Step 50 | Loss: 11.8928 | PPL: 146213.37 | Tokens: 409,600 | LR: 5.00e-06
Step 60 | Loss: 10.8208 | PPL: 50048.81 | Tokens: 491,520 | LR: 6.00e-06
Step 70 | Loss: 10.8807 | PPL: 53141.96 | Tokens: 573,440 | LR: 7.00e-06
Step 80 | Loss: 10.5104 | PPL: 36694.83 | Tokens: 655,360 | LR: 8.00e-06
Step 90 | Loss: 9.6653 | PPL: 15760.71 | Tokens: 737,280 | LR: 9.00e-06
Step 100 | Loss: 9.1905 | PPL: 9803.57 | Tokens: 819,200 | LR: 1.00e-05
Step 110 | Loss: 9.1358 | PPL: 9281.64 | Tokens: 901,120 | LR: 1.10e-05
Step 120 | Loss: 8.4699 | PPL: 4769.26 | Tokens: 983,040 | LR: 1.20e-05
Step 130 | Loss: 8.3024 | PPL: 4033.70 | Tokens: 1,064,960 | LR: 1.30e-05
Step 140 | Loss: 8.5836 | PPL: 5343.28 | Tokens: 1,146,880 | LR: 1.40e-05
Step 150 | Loss: 8.1423 | PPL: 3436.92 | Tokens: 1,228,800 | LR: 1.50e-05
Step 160 | Loss: 7.9645 | PPL: 2876.92 | Tokens: 1,310,720 | LR: 1.60e-05
Step 170 | Loss: 7.9832 | PPL: 2931.30 | Tokens: 1,392,640 | LR: 1.70e-05
Step 180 | Loss: 7.7195 | PPL: 2251.88 | Tokens: 1,474,560 | LR: 1.80e-05
Step 190 | Loss: 8.0513 | PPL: 3137.82 | Tokens: 1,556,480 | LR: 1.90e-05
Step 200 | Loss: 7.6360 | PPL: 2071.34 | Tokens: 1,638,400 | LR: 2.00e-05
Step 210 | Loss: 8.1727 | PPL: 3542.96 | Tokens: 1,720,320 | LR: 2.10e-05
Step 220 | Loss: 7.7319 | PPL: 2279.84 | Tokens: 1,802,240 | LR: 2.20e-05
Step 230 | Loss: 7.4919 | PPL: 1793.45 | Tokens: 1,884,160 | LR: 2.30e-05
Step 240 | Loss: 7.3222 | PPL: 1513.52 | Tokens: 1,966,080 | LR: 2.40e-05
Step 250 | Loss: 7.7910 | PPL: 2418.67 | Tokens: 2,048,000 | LR: 2.50e-05
Step 260 | Loss: 7.3906 | PPL: 1620.69 | Tokens: 2,129,920 | LR: 2.60e-05
Step 270 | Loss: 7.6764 | PPL: 2156.85 | Tokens: 2,211,840 | LR: 2.70e-05
Step 280 | Loss: 7.3320 | PPL: 1528.50 | Tokens: 2,293,760 | LR: 2.80e-05
Step 290 | Loss: 7.2875 | PPL: 1461.87 | Tokens: 2,375,680 | LR: 2.90e-05
Step 300 | Loss: 7.6267 | PPL: 2052.20 | Tokens: 2,457,600 | LR: 3.00e-05
Step 310 | Loss: 7.2501 | PPL: 1408.25 | Tokens: 2,539,520 | LR: 3.10e-05
Step 320 | Loss: 7.7092 | PPL: 2228.72 | Tokens: 2,621,440 | LR: 3.20e-05
Step 330 | Loss: 7.9332 | PPL: 2788.36 | Tokens: 2,703,360 | LR: 3.30e-05
Step 340 | Loss: 7.6469 | PPL: 2094.15 | Tokens: 2,785,280 | LR: 3.40e-05
Step 350 | Loss: 7.5370 | PPL: 1876.22 | Tokens: 2,867,200 | LR: 3.50e-05
Step 360 | Loss: 7.5532 | PPL: 1906.84 | Tokens: 2,949,120 | LR: 3.60e-05
Step 370 | Loss: 7.9161 | PPL: 2741.18 | Tokens: 3,031,040 | LR: 3.70e-05
Step 380 | Loss: 7.3961 | PPL: 1629.59 | Tokens: 3,112,960 | LR: 3.80e-05
Step 390 | Loss: 7.4390 | PPL: 1701.00 | Tokens: 3,194,880 | LR: 3.90e-05
Step 400 | Loss: 7.0750 | PPL: 1181.99 | Tokens: 3,276,800 | LR: 4.00e-05
Step 410 | Loss: 7.8433 | PPL: 2548.63 | Tokens: 3,358,720 | LR: 4.10e-05
Step 420 | Loss: 7.7131 | PPL: 2237.50 | Tokens: 3,440,640 | LR: 4.20e-05
Step 430 | Loss: 7.4192 | PPL: 1667.69 | Tokens: 3,522,560 | LR: 4.30e-05
Step 440 | Loss: 7.0801 | PPL: 1188.04 | Tokens: 3,604,480 | LR: 4.40e-05
Step 450 | Loss: 7.5508 | PPL: 1902.19 | Tokens: 3,686,400 | LR: 4.50e-05
Step 460 | Loss: 7.0490 | PPL: 1151.66 | Tokens: 3,768,320 | LR: 4.60e-05
Step 470 | Loss: 7.6399 | PPL: 2079.43 | Tokens: 3,850,240 | LR: 4.70e-05
Step 480 | Loss: 7.5191 | PPL: 1842.90 | Tokens: 3,932,160 | LR: 4.80e-05
Step 490 | Loss: 7.1245 | PPL: 1242.00 | Tokens: 4,014,080 | LR: 4.90e-05
Step 500 | Loss: 7.9771 | PPL: 2913.53 | Tokens: 4,096,000 | LR: 5.00e-05
Step 510 | Loss: 7.6264 | PPL: 2051.60 | Tokens: 4,177,920 | LR: 5.10e-05
Step 520 | Loss: 7.3970 | PPL: 1631.02 | Tokens: 4,259,840 | LR: 5.20e-05
Step 530 | Loss: 6.8794 | PPL: 972.06 | Tokens: 4,341,760 | LR: 5.30e-05
Step 540 | Loss: 7.2148 | PPL: 1359.41 | Tokens: 4,423,680 | LR: 5.40e-05
Step 550 | Loss: 7.8163 | PPL: 2480.76 | Tokens: 4,505,600 | LR: 5.50e-05
Step 560 | Loss: 7.5136 | PPL: 1832.75 | Tokens: 4,587,520 | LR: 5.60e-05
Step 570 | Loss: 7.2104 | PPL: 1353.48 | Tokens: 4,669,440 | LR: 5.70e-05
Step 580 | Loss: 7.9415 | PPL: 2811.46 | Tokens: 4,751,360 | LR: 5.80e-05
Step 590 | Loss: 7.0313 | PPL: 1131.48 | Tokens: 4,833,280 | LR: 5.90e-05
Step 600 | Loss: 7.2169 | PPL: 1362.26 | Tokens: 4,915,200 | LR: 6.00e-05
Step 610 | Loss: 7.7077 | PPL: 2225.31 | Tokens: 4,997,120 | LR: 6.10e-05
Step 620 | Loss: 8.4711 | PPL: 4774.89 | Tokens: 5,079,040 | LR: 6.20e-05
Step 630 | Loss: 7.4960 | PPL: 1800.91 | Tokens: 5,160,960 | LR: 6.30e-05
Step 640 | Loss: 7.0817 | PPL: 1189.97 | Tokens: 5,242,880 | LR: 6.40e-05
Step 650 | Loss: 7.3333 | PPL: 1530.39 | Tokens: 5,324,800 | LR: 6.50e-05
Step 660 | Loss: 7.7729 | PPL: 2375.29 | Tokens: 5,406,720 | LR: 6.60e-05
Step 670 | Loss: 7.3908 | PPL: 1620.93 | Tokens: 5,488,640 | LR: 6.70e-05
Step 680 | Loss: 7.5925 | PPL: 1983.34 | Tokens: 5,570,560 | LR: 6.80e-05
Step 690 | Loss: 6.9492 | PPL: 1042.32 | Tokens: 5,652,480 | LR: 6.90e-05
Step 700 | Loss: 7.4555 | PPL: 1729.32 | Tokens: 5,734,400 | LR: 7.00e-05
Step 710 | Loss: 7.0135 | PPL: 1111.49 | Tokens: 5,816,320 | LR: 7.10e-05
Step 720 | Loss: 7.5495 | PPL: 1899.71 | Tokens: 5,898,240 | LR: 7.20e-05
Step 730 | Loss: 7.3706 | PPL: 1588.65 | Tokens: 5,980,160 | LR: 7.30e-05
Step 740 | Loss: 7.2271 | PPL: 1376.20 | Tokens: 6,062,080 | LR: 7.40e-05
Step 750 | Loss: 7.1937 | PPL: 1331.02 | Tokens: 6,144,000 | LR: 7.50e-05
Step 760 | Loss: 7.0831 | PPL: 1191.71 | Tokens: 6,225,920 | LR: 7.60e-05
Step 770 | Loss: 7.2908 | PPL: 1466.81 | Tokens: 6,307,840 | LR: 7.70e-05
Step 780 | Loss: 7.2591 | PPL: 1421.01 | Tokens: 6,389,760 | LR: 7.80e-05
Step 790 | Loss: 7.6963 | PPL: 2200.26 | Tokens: 6,471,680 | LR: 7.90e-05
Step 800 | Loss: 7.5243 | PPL: 1852.54 | Tokens: 6,553,600 | LR: 8.00e-05
Step 810 | Loss: 6.8956 | PPL: 987.96 | Tokens: 6,635,520 | LR: 8.10e-05
Step 820 | Loss: 7.0333 | PPL: 1133.80 | Tokens: 6,717,440 | LR: 8.20e-05
Step 830 | Loss: 7.5235 | PPL: 1850.96 | Tokens: 6,799,360 | LR: 8.30e-05
Step 840 | Loss: 7.1728 | PPL: 1303.54 | Tokens: 6,881,280 | LR: 8.40e-05
Step 850 | Loss: 6.9254 | PPL: 1017.78 | Tokens: 6,963,200 | LR: 8.50e-05
Step 860 | Loss: 6.9398 | PPL: 1032.54 | Tokens: 7,045,120 | LR: 8.60e-05
Step 870 | Loss: 7.4620 | PPL: 1740.70 | Tokens: 7,127,040 | LR: 8.70e-05
Step 880 | Loss: 6.5645 | PPL: 709.43 | Tokens: 7,208,960 | LR: 8.80e-05
Step 890 | Loss: 7.2855 | PPL: 1458.99 | Tokens: 7,290,880 | LR: 8.90e-05
Step 900 | Loss: 7.1794 | PPL: 1312.17 | Tokens: 7,372,800 | LR: 9.00e-05
Step 910 | Loss: 6.4309 | PPL: 620.76 | Tokens: 7,454,720 | LR: 9.10e-05
Step 920 | Loss: 6.7199 | PPL: 828.76 | Tokens: 7,536,640 | LR: 9.20e-05
Step 930 | Loss: 6.6611 | PPL: 781.39 | Tokens: 7,618,560 | LR: 9.30e-05
Step 940 | Loss: 7.1404 | PPL: 1261.88 | Tokens: 7,700,480 | LR: 9.40e-05
Step 950 | Loss: 6.9886 | PPL: 1084.23 | Tokens: 7,782,400 | LR: 9.50e-05
Step 960 | Loss: 7.2151 | PPL: 1359.78 | Tokens: 7,864,320 | LR: 9.60e-05
Step 970 | Loss: 7.3308 | PPL: 1526.63 | Tokens: 7,946,240 | LR: 9.70e-05
Step 980 | Loss: 7.4147 | PPL: 1660.24 | Tokens: 8,028,160 | LR: 9.80e-05
Step 990 | Loss: 7.3184 | PPL: 1507.78 | Tokens: 8,110,080 | LR: 9.90e-05
Step 1000 | Loss: 7.0857 | PPL: 1194.70 | Tokens: 8,192,000 | LR: 1.00e-04
Step 1010 | Loss: 7.5522 | PPL: 1904.86 | Tokens: 8,273,920 | LR: 1.00e-04
Step 1020 | Loss: 6.8524 | PPL: 946.14 | Tokens: 8,355,840 | LR: 1.00e-04
Step 1030 | Loss: 7.2485 | PPL: 1406.04 | Tokens: 8,437,760 | LR: 1.00e-04
Step 1040 | Loss: 7.1389 | PPL: 1260.07 | Tokens: 8,519,680 | LR: 1.00e-04
Step 1050 | Loss: 6.9674 | PPL: 1061.42 | Tokens: 8,601,600 | LR: 1.00e-04
Step 1060 | Loss: 6.9420 | PPL: 1034.87 | Tokens: 8,683,520 | LR: 1.00e-04
Step 1070 | Loss: 7.4036 | PPL: 1641.82 | Tokens: 8,765,440 | LR: 1.00e-04
Step 1080 | Loss: 6.8928 | PPL: 985.18 | Tokens: 8,847,360 | LR: 1.00e-04
Step 1090 | Loss: 7.5265 | PPL: 1856.51 | Tokens: 8,929,280 | LR: 1.00e-04
Step 1100 | Loss: 7.0389 | PPL: 1140.13 | Tokens: 9,011,200 | LR: 1.00e-04
Step 1110 | Loss: 6.6318 | PPL: 758.84 | Tokens: 9,093,120 | LR: 1.00e-04
Step 1120 | Loss: 7.0136 | PPL: 1111.68 | Tokens: 9,175,040 | LR: 1.00e-04
Step 1130 | Loss: 6.7706 | PPL: 871.81 | Tokens: 9,256,960 | LR: 1.00e-04
Step 1140 | Loss: 6.8992 | PPL: 991.45 | Tokens: 9,338,880 | LR: 1.00e-04
Step 1150 | Loss: 7.4754 | PPL: 1764.05 | Tokens: 9,420,800 | LR: 1.00e-04
Step 1160 | Loss: 7.0942 | PPL: 1204.94 | Tokens: 9,502,720 | LR: 1.00e-04
Step 1170 | Loss: 7.3147 | PPL: 1502.20 | Tokens: 9,584,640 | LR: 1.00e-04
Step 1180 | Loss: 6.8150 | PPL: 911.39 | Tokens: 9,666,560 | LR: 1.00e-04
Step 1190 | Loss: 7.5623 | PPL: 1924.24 | Tokens: 9,748,480 | LR: 1.00e-04
Step 1200 | Loss: 6.9066 | PPL: 998.81 | Tokens: 9,830,400 | LR: 1.00e-04
Step 1210 | Loss: 6.4092 | PPL: 607.39 | Tokens: 9,912,320 | LR: 1.00e-04
Step 1220 | Loss: 7.2991 | PPL: 1478.94 | Tokens: 9,994,240 | LR: 1.00e-04
Step 1230 | Loss: 7.5002 | PPL: 1808.35 | Tokens: 10,076,160 | LR: 1.00e-04
Step 1240 | Loss: 7.2667 | PPL: 1431.80 | Tokens: 10,158,080 | LR: 1.00e-04
Step 1250 | Loss: 7.0209 | PPL: 1119.79 | Tokens: 10,240,000 | LR: 1.00e-04
Step 1260 | Loss: 7.1326 | PPL: 1252.17 | Tokens: 10,321,920 | LR: 1.00e-04
Step 1270 | Loss: 7.1570 | PPL: 1283.01 | Tokens: 10,403,840 | LR: 1.00e-04
Step 1280 | Loss: 6.9590 | PPL: 1052.54 | Tokens: 10,485,760 | LR: 1.00e-04
Step 1290 | Loss: 7.1334 | PPL: 1253.12 | Tokens: 10,567,680 | LR: 1.00e-04
Step 1300 | Loss: 7.3181 | PPL: 1507.36 | Tokens: 10,649,600 | LR: 1.00e-04
Step 1310 | Loss: 6.5713 | PPL: 714.32 | Tokens: 10,731,520 | LR: 1.00e-04
Step 1320 | Loss: 6.7403 | PPL: 845.77 | Tokens: 10,813,440 | LR: 1.00e-04
Step 1330 | Loss: 6.6288 | PPL: 756.59 | Tokens: 10,895,360 | LR: 1.00e-04
Step 1340 | Loss: 6.5766 | PPL: 718.12 | Tokens: 10,977,280 | LR: 1.00e-04
Step 1350 | Loss: 7.1216 | PPL: 1238.41 | Tokens: 11,059,200 | LR: 1.00e-04
Step 1360 | Loss: 6.6611 | PPL: 781.44 | Tokens: 11,141,120 | LR: 1.00e-04
Step 1370 | Loss: 6.6226 | PPL: 751.92 | Tokens: 11,223,040 | LR: 1.00e-04
Step 1380 | Loss: 6.2071 | PPL: 496.25 | Tokens: 11,304,960 | LR: 1.00e-04
Step 1390 | Loss: 6.9615 | PPL: 1055.20 | Tokens: 11,386,880 | LR: 1.00e-04
Step 1400 | Loss: 6.8478 | PPL: 941.85 | Tokens: 11,468,800 | LR: 1.00e-04
Step 1410 | Loss: 6.3341 | PPL: 563.47 | Tokens: 11,550,720 | LR: 1.00e-04
Step 1420 | Loss: 7.4986 | PPL: 1805.53 | Tokens: 11,632,640 | LR: 1.00e-04
Step 1430 | Loss: 7.2108 | PPL: 1354.01 | Tokens: 11,714,560 | LR: 1.00e-04
Step 1440 | Loss: 6.7697 | PPL: 871.02 | Tokens: 11,796,480 | LR: 1.00e-04
Step 1450 | Loss: 6.4236 | PPL: 616.21 | Tokens: 11,878,400 | LR: 1.00e-04
Step 1460 | Loss: 6.4610 | PPL: 639.69 | Tokens: 11,960,320 | LR: 1.00e-04
Step 1470 | Loss: 6.2674 | PPL: 527.12 | Tokens: 12,042,240 | LR: 1.00e-04
Step 1480 | Loss: 7.3752 | PPL: 1595.95 | Tokens: 12,124,160 | LR: 1.00e-04
Step 1490 | Loss: 7.0710 | PPL: 1177.29 | Tokens: 12,206,080 | LR: 1.00e-04
Step 1500 | Loss: 7.1496 | PPL: 1273.58 | Tokens: 12,288,000 | LR: 1.00e-04
Step 1510 | Loss: 7.2384 | PPL: 1391.90 | Tokens: 12,369,920 | LR: 1.00e-04
Step 1520 | Loss: 6.6792 | PPL: 795.67 | Tokens: 12,451,840 | LR: 1.00e-04
Step 1530 | Loss: 7.1198 | PPL: 1236.26 | Tokens: 12,533,760 | LR: 1.00e-04
Step 1540 | Loss: 6.8462 | PPL: 940.28 | Tokens: 12,615,680 | LR: 1.00e-04
Step 1550 | Loss: 5.7878 | PPL: 326.29 | Tokens: 12,697,600 | LR: 1.00e-04
Step 1560 | Loss: 6.7023 | PPL: 814.31 | Tokens: 12,779,520 | LR: 1.00e-04
Step 1570 | Loss: 6.6399 | PPL: 765.05 | Tokens: 12,861,440 | LR: 1.00e-04
Step 1580 | Loss: 6.5380 | PPL: 690.91 | Tokens: 12,943,360 | LR: 1.00e-04
Step 1590 | Loss: 6.9730 | PPL: 1067.41 | Tokens: 13,025,280 | LR: 1.00e-04
Step 1600 | Loss: 6.6695 | PPL: 787.98 | Tokens: 13,107,200 | LR: 1.00e-04
Step 1610 | Loss: 6.6745 | PPL: 791.92 | Tokens: 13,189,120 | LR: 1.00e-04
Step 1620 | Loss: 6.6632 | PPL: 783.04 | Tokens: 13,271,040 | LR: 1.00e-04
Step 1630 | Loss: 6.2168 | PPL: 501.10 | Tokens: 13,352,960 | LR: 1.00e-04
Step 1640 | Loss: 7.2192 | PPL: 1365.44 | Tokens: 13,434,880 | LR: 1.00e-04
Step 1650 | Loss: 6.9790 | PPL: 1073.89 | Tokens: 13,516,800 | LR: 1.00e-04
Step 1660 | Loss: 7.0640 | PPL: 1169.14 | Tokens: 13,598,720 | LR: 1.00e-04
Step 1670 | Loss: 6.4106 | PPL: 608.26 | Tokens: 13,680,640 | LR: 1.00e-04
Step 1680 | Loss: 7.6206 | PPL: 2039.71 | Tokens: 13,762,560 | LR: 1.00e-04
Step 1690 | Loss: 7.1399 | PPL: 1261.34 | Tokens: 13,844,480 | LR: 1.00e-04
Step 1700 | Loss: 6.7239 | PPL: 832.05 | Tokens: 13,926,400 | LR: 1.00e-04
Step 1710 | Loss: 6.4252 | PPL: 617.22 | Tokens: 14,008,320 | LR: 1.00e-04
Step 1720 | Loss: 6.9649 | PPL: 1058.84 | Tokens: 14,090,240 | LR: 1.00e-04
Step 1730 | Loss: 5.7348 | PPL: 309.45 | Tokens: 14,172,160 | LR: 1.00e-04
Step 1740 | Loss: 6.7228 | PPL: 831.16 | Tokens: 14,254,080 | LR: 1.00e-04
Step 1750 | Loss: 6.3661 | PPL: 581.78 | Tokens: 14,336,000 | LR: 1.00e-04
Step 1760 | Loss: 6.4085 | PPL: 606.97 | Tokens: 14,417,920 | LR: 1.00e-04
Step 1770 | Loss: 7.2186 | PPL: 1364.61 | Tokens: 14,499,840 | LR: 1.00e-04
Step 1780 | Loss: 7.0429 | PPL: 1144.72 | Tokens: 14,581,760 | LR: 1.00e-04
Step 1790 | Loss: 7.0236 | PPL: 1122.86 | Tokens: 14,663,680 | LR: 1.00e-04
Step 1800 | Loss: 6.3810 | PPL: 590.50 | Tokens: 14,745,600 | LR: 1.00e-04
Step 1810 | Loss: 6.8196 | PPL: 915.60 | Tokens: 14,827,520 | LR: 1.00e-04
Step 1820 | Loss: 6.8326 | PPL: 927.61 | Tokens: 14,909,440 | LR: 1.00e-04
Step 1830 | Loss: 6.6633 | PPL: 783.17 | Tokens: 14,991,360 | LR: 1.00e-04
Step 1840 | Loss: 6.9999 | PPL: 1096.48 | Tokens: 15,073,280 | LR: 1.00e-04
Step 1850 | Loss: 7.0529 | PPL: 1156.16 | Tokens: 15,155,200 | LR: 1.00e-04
Step 1860 | Loss: 6.6145 | PPL: 745.85 | Tokens: 15,237,120 | LR: 1.00e-04
Step 1870 | Loss: 6.4984 | PPL: 664.05 | Tokens: 15,319,040 | LR: 1.00e-04
Step 1880 | Loss: 6.8053 | PPL: 902.61 | Tokens: 15,400,960 | LR: 1.00e-04
Step 1890 | Loss: 6.4399 | PPL: 626.34 | Tokens: 15,482,880 | LR: 1.00e-04
Step 1900 | Loss: 6.8042 | PPL: 901.67 | Tokens: 15,564,800 | LR: 1.00e-04
Step 1910 | Loss: 6.4227 | PPL: 615.63 | Tokens: 15,646,720 | LR: 1.00e-04
Step 1920 | Loss: 6.4135 | PPL: 610.04 | Tokens: 15,728,640 | LR: 1.00e-04
Step 1930 | Loss: 6.7423 | PPL: 847.54 | Tokens: 15,810,560 | LR: 1.00e-04
Step 1940 | Loss: 6.6773 | PPL: 794.18 | Tokens: 15,892,480 | LR: 1.00e-04
Step 1950 | Loss: 6.3605 | PPL: 578.55 | Tokens: 15,974,400 | LR: 1.00e-04
Step 1960 | Loss: 7.0488 | PPL: 1151.45 | Tokens: 16,056,320 | LR: 1.00e-04
Step 1970 | Loss: 7.2038 | PPL: 1344.56 | Tokens: 16,138,240 | LR: 1.00e-04
Step 1980 | Loss: 5.9737 | PPL: 392.94 | Tokens: 16,220,160 | LR: 1.00e-04
Step 1990 | Loss: 6.4167 | PPL: 611.97 | Tokens: 16,302,080 | LR: 1.00e-04
Step 2000 | Loss: 6.1364 | PPL: 462.37 | Tokens: 16,384,000 | LR: 1.00e-04
Step 2010 | Loss: 6.5120 | PPL: 673.18 | Tokens: 16,465,920 | LR: 1.00e-04
Step 2020 | Loss: 6.4793 | PPL: 651.52 | Tokens: 16,547,840 | LR: 1.00e-04
Step 2030 | Loss: 6.8569 | PPL: 950.39 | Tokens: 16,629,760 | LR: 1.00e-04
Step 2040 | Loss: 6.7450 | PPL: 849.84 | Tokens: 16,711,680 | LR: 1.00e-04
Step 2050 | Loss: 5.8697 | PPL: 354.13 | Tokens: 16,793,600 | LR: 1.00e-04
Step 2060 | Loss: 7.1232 | PPL: 1240.36 | Tokens: 16,875,520 | LR: 1.00e-04
Step 2070 | Loss: 6.3990 | PPL: 601.27 | Tokens: 16,957,440 | LR: 1.00e-04
Step 2080 | Loss: 6.8533 | PPL: 946.99 | Tokens: 17,039,360 | LR: 1.00e-04
Step 2090 | Loss: 6.4757 | PPL: 649.17 | Tokens: 17,121,280 | LR: 1.00e-04
Step 2100 | Loss: 6.8927 | PPL: 985.08 | Tokens: 17,203,200 | LR: 1.00e-04
Step 2110 | Loss: 6.5614 | PPL: 707.28 | Tokens: 17,285,120 | LR: 1.00e-04
Step 2120 | Loss: 6.2036 | PPL: 494.55 | Tokens: 17,367,040 | LR: 1.00e-04
Step 2130 | Loss: 6.2563 | PPL: 521.28 | Tokens: 17,448,960 | LR: 1.00e-04
Step 2140 | Loss: 6.5959 | PPL: 732.06 | Tokens: 17,530,880 | LR: 1.00e-04
Step 2150 | Loss: 6.2647 | PPL: 525.67 | Tokens: 17,612,800 | LR: 1.00e-04
Step 2160 | Loss: 7.1185 | PPL: 1234.65 | Tokens: 17,694,720 | LR: 1.00e-04
Step 2170 | Loss: 5.8560 | PPL: 349.32 | Tokens: 17,776,640 | LR: 1.00e-04
Step 2180 | Loss: 6.7670 | PPL: 868.69 | Tokens: 17,858,560 | LR: 1.00e-04
Step 2190 | Loss: 6.5946 | PPL: 731.12 | Tokens: 17,940,480 | LR: 1.00e-04
Step 2200 | Loss: 6.0824 | PPL: 438.10 | Tokens: 18,022,400 | LR: 1.00e-04
Step 2210 | Loss: 6.0569 | PPL: 427.05 | Tokens: 18,104,320 | LR: 1.00e-04
Step 2220 | Loss: 6.8207 | PPL: 916.66 | Tokens: 18,186,240 | LR: 1.00e-04
Step 2230 | Loss: 6.1528 | PPL: 470.03 | Tokens: 18,268,160 | LR: 1.00e-04
Step 2240 | Loss: 6.5080 | PPL: 670.52 | Tokens: 18,350,080 | LR: 1.00e-04
Step 2250 | Loss: 6.1730 | PPL: 479.64 | Tokens: 18,432,000 | LR: 1.00e-04
Step 2260 | Loss: 6.2319 | PPL: 508.70 | Tokens: 18,513,920 | LR: 1.00e-04
Step 2270 | Loss: 7.5146 | PPL: 1834.71 | Tokens: 18,595,840 | LR: 1.00e-04
Step 2280 | Loss: 6.3286 | PPL: 560.37 | Tokens: 18,677,760 | LR: 1.00e-04
Step 2290 | Loss: 6.9047 | PPL: 996.95 | Tokens: 18,759,680 | LR: 1.00e-04
Step 2300 | Loss: 6.8438 | PPL: 938.06 | Tokens: 18,841,600 | LR: 1.00e-04
