HOSTNAME=midway3-0315.rcc.local
NVIDIA A100-SXM4-40GB, 40960 MiB, 00000000:17:00.0
NVIDIA A100-SXM4-40GB, 40960 MiB, 00000000:B1:00.0
============================================================
Argonne Model Training (DDP)
============================================================
Using device: cuda:0, World size: 2
Vocab size: 151669, EOS token ID: 151643
Using 2 GPUs with DistributedDataParallel
Compiling model with torch.compile...
Model parameters: 1,376,278,528
Mixed precision: autocast bf16
Attention Residuals: OFF (standard residuals)
DataLoader: 20,839,021,454 tokens
Training for 1 epoch(s) ~= 2543825 steps (20,839,021,454 tokens)

Starting training...
GPUs: 2, Batch size per GPU: 16
Sequence length: 256
Total batch size: 8192 tokens (requested: 8192)
Gradient accumulation steps: 1
Training for 1 epoch(s) (estimated ~2543825 steps)
LR: 0.0001, Warmup: 1000, Min LR Ratio: 0.1, Precision: bf16, TorchCompile: 1
Checkpoint interval: 999999 seconds
Mode: continued pretraining (fresh schedule)
------------------------------------------------------------
Step 10 | Loss: 12.3923 | PPL: 240927.65 | Tokens: 81,920 | LR: 1.00e-06
Step 20 | Loss: 12.4152 | PPL: 246516.45 | Tokens: 163,840 | LR: 2.00e-06
Step 30 | Loss: 12.2732 | PPL: 213892.66 | Tokens: 245,760 | LR: 3.00e-06
Step 40 | Loss: 11.8962 | PPL: 146707.26 | Tokens: 327,680 | LR: 4.00e-06
Step 50 | Loss: 11.7982 | PPL: 133007.34 | Tokens: 409,600 | LR: 5.00e-06
Step 60 | Loss: 11.3426 | PPL: 84339.90 | Tokens: 491,520 | LR: 6.00e-06
Step 70 | Loss: 10.0437 | PPL: 23011.01 | Tokens: 573,440 | LR: 7.00e-06
Step 80 | Loss: 9.8671 | PPL: 19284.46 | Tokens: 655,360 | LR: 8.00e-06
Step 90 | Loss: 9.3935 | PPL: 12010.50 | Tokens: 737,280 | LR: 9.00e-06
Step 100 | Loss: 9.1397 | PPL: 9318.22 | Tokens: 819,200 | LR: 1.00e-05
Step 110 | Loss: 8.7173 | PPL: 6107.67 | Tokens: 901,120 | LR: 1.10e-05
Step 120 | Loss: 8.7667 | PPL: 6416.75 | Tokens: 983,040 | LR: 1.20e-05
Step 130 | Loss: 8.4917 | PPL: 4874.34 | Tokens: 1,064,960 | LR: 1.30e-05
Step 140 | Loss: 8.0848 | PPL: 3244.65 | Tokens: 1,146,880 | LR: 1.40e-05
Step 150 | Loss: 8.1745 | PPL: 3549.39 | Tokens: 1,228,800 | LR: 1.50e-05
Step 160 | Loss: 7.9353 | PPL: 2794.10 | Tokens: 1,310,720 | LR: 1.60e-05
Step 170 | Loss: 8.1149 | PPL: 3343.91 | Tokens: 1,392,640 | LR: 1.70e-05
Step 180 | Loss: 7.6658 | PPL: 2134.07 | Tokens: 1,474,560 | LR: 1.80e-05
Step 190 | Loss: 7.6570 | PPL: 2115.38 | Tokens: 1,556,480 | LR: 1.90e-05
Step 200 | Loss: 7.6903 | PPL: 2187.13 | Tokens: 1,638,400 | LR: 2.00e-05
Step 210 | Loss: 7.9278 | PPL: 2773.20 | Tokens: 1,720,320 | LR: 2.10e-05
Step 220 | Loss: 7.3466 | PPL: 1550.97 | Tokens: 1,802,240 | LR: 2.20e-05
Step 230 | Loss: 7.6993 | PPL: 2206.90 | Tokens: 1,884,160 | LR: 2.30e-05
Step 240 | Loss: 7.2236 | PPL: 1371.48 | Tokens: 1,966,080 | LR: 2.40e-05
Step 250 | Loss: 7.6364 | PPL: 2072.28 | Tokens: 2,048,000 | LR: 2.50e-05
Step 260 | Loss: 7.4582 | PPL: 1734.06 | Tokens: 2,129,920 | LR: 2.60e-05
Step 270 | Loss: 7.8582 | PPL: 2586.76 | Tokens: 2,211,840 | LR: 2.70e-05
Step 280 | Loss: 7.4405 | PPL: 1703.63 | Tokens: 2,293,760 | LR: 2.80e-05
Step 290 | Loss: 7.7540 | PPL: 2330.86 | Tokens: 2,375,680 | LR: 2.90e-05
Step 300 | Loss: 7.6914 | PPL: 2189.45 | Tokens: 2,457,600 | LR: 3.00e-05
Step 310 | Loss: 7.8894 | PPL: 2668.95 | Tokens: 2,539,520 | LR: 3.10e-05
Step 320 | Loss: 7.6286 | PPL: 2056.12 | Tokens: 2,621,440 | LR: 3.20e-05
Step 330 | Loss: 7.7010 | PPL: 2210.49 | Tokens: 2,703,360 | LR: 3.30e-05
Step 340 | Loss: 7.4589 | PPL: 1735.32 | Tokens: 2,785,280 | LR: 3.40e-05
Step 350 | Loss: 7.7816 | PPL: 2396.14 | Tokens: 2,867,200 | LR: 3.50e-05
Step 360 | Loss: 8.0481 | PPL: 3127.94 | Tokens: 2,949,120 | LR: 3.60e-05
Step 370 | Loss: 7.5753 | PPL: 1949.48 | Tokens: 3,031,040 | LR: 3.70e-05
Step 380 | Loss: 7.1267 | PPL: 1244.78 | Tokens: 3,112,960 | LR: 3.80e-05
Step 390 | Loss: 7.4754 | PPL: 1764.18 | Tokens: 3,194,880 | LR: 3.90e-05
Step 400 | Loss: 7.4930 | PPL: 1795.36 | Tokens: 3,276,800 | LR: 4.00e-05
Step 410 | Loss: 7.3631 | PPL: 1576.79 | Tokens: 3,358,720 | LR: 4.10e-05
Step 420 | Loss: 7.4739 | PPL: 1761.52 | Tokens: 3,440,640 | LR: 4.20e-05
Step 430 | Loss: 7.3254 | PPL: 1518.34 | Tokens: 3,522,560 | LR: 4.30e-05
Step 440 | Loss: 7.5286 | PPL: 1860.52 | Tokens: 3,604,480 | LR: 4.40e-05
Step 450 | Loss: 7.1631 | PPL: 1290.96 | Tokens: 3,686,400 | LR: 4.50e-05
Step 460 | Loss: 7.4725 | PPL: 1758.91 | Tokens: 3,768,320 | LR: 4.60e-05
Step 470 | Loss: 7.6211 | PPL: 2040.88 | Tokens: 3,850,240 | LR: 4.70e-05
Step 480 | Loss: 7.8673 | PPL: 2610.55 | Tokens: 3,932,160 | LR: 4.80e-05
Step 490 | Loss: 7.4233 | PPL: 1674.51 | Tokens: 4,014,080 | LR: 4.90e-05
Step 500 | Loss: 7.4501 | PPL: 1720.07 | Tokens: 4,096,000 | LR: 5.00e-05
Step 510 | Loss: 7.5580 | PPL: 1916.04 | Tokens: 4,177,920 | LR: 5.10e-05
Step 520 | Loss: 7.4357 | PPL: 1695.41 | Tokens: 4,259,840 | LR: 5.20e-05
Step 530 | Loss: 7.4264 | PPL: 1679.78 | Tokens: 4,341,760 | LR: 5.30e-05
Step 540 | Loss: 7.4564 | PPL: 1730.86 | Tokens: 4,423,680 | LR: 5.40e-05
Step 550 | Loss: 7.0913 | PPL: 1201.42 | Tokens: 4,505,600 | LR: 5.50e-05
Step 560 | Loss: 7.3511 | PPL: 1557.87 | Tokens: 4,587,520 | LR: 5.60e-05
Step 570 | Loss: 7.4586 | PPL: 1734.66 | Tokens: 4,669,440 | LR: 5.70e-05
Step 580 | Loss: 7.3780 | PPL: 1600.46 | Tokens: 4,751,360 | LR: 5.80e-05
Step 590 | Loss: 6.9880 | PPL: 1083.52 | Tokens: 4,833,280 | LR: 5.90e-05
Step 600 | Loss: 7.4834 | PPL: 1778.35 | Tokens: 4,915,200 | LR: 6.00e-05
Step 610 | Loss: 7.7403 | PPL: 2299.18 | Tokens: 4,997,120 | LR: 6.10e-05
Step 620 | Loss: 7.0505 | PPL: 1153.47 | Tokens: 5,079,040 | LR: 6.20e-05
Step 630 | Loss: 7.3507 | PPL: 1557.25 | Tokens: 5,160,960 | LR: 6.30e-05
Step 640 | Loss: 7.2506 | PPL: 1408.91 | Tokens: 5,242,880 | LR: 6.40e-05
Step 650 | Loss: 7.2274 | PPL: 1376.58 | Tokens: 5,324,800 | LR: 6.50e-05
Step 660 | Loss: 7.4658 | PPL: 1747.33 | Tokens: 5,406,720 | LR: 6.60e-05
Step 670 | Loss: 7.2181 | PPL: 1363.92 | Tokens: 5,488,640 | LR: 6.70e-05
Step 680 | Loss: 7.0257 | PPL: 1125.23 | Tokens: 5,570,560 | LR: 6.80e-05
Step 690 | Loss: 7.0025 | PPL: 1099.36 | Tokens: 5,652,480 | LR: 6.90e-05
Step 700 | Loss: 7.3836 | PPL: 1609.37 | Tokens: 5,734,400 | LR: 7.00e-05
Step 710 | Loss: 7.0500 | PPL: 1152.85 | Tokens: 5,816,320 | LR: 7.10e-05
Step 720 | Loss: 7.9191 | PPL: 2749.16 | Tokens: 5,898,240 | LR: 7.20e-05
Step 730 | Loss: 7.1957 | PPL: 1333.65 | Tokens: 5,980,160 | LR: 7.30e-05
Step 740 | Loss: 7.3944 | PPL: 1626.87 | Tokens: 6,062,080 | LR: 7.40e-05
Step 750 | Loss: 7.0443 | PPL: 1146.36 | Tokens: 6,144,000 | LR: 7.50e-05
Step 760 | Loss: 6.7800 | PPL: 880.07 | Tokens: 6,225,920 | LR: 7.60e-05
Step 770 | Loss: 7.2268 | PPL: 1375.77 | Tokens: 6,307,840 | LR: 7.70e-05
Step 780 | Loss: 7.0215 | PPL: 1120.42 | Tokens: 6,389,760 | LR: 7.80e-05
Step 790 | Loss: 7.4624 | PPL: 1741.33 | Tokens: 6,471,680 | LR: 7.90e-05
Step 800 | Loss: 7.2386 | PPL: 1392.17 | Tokens: 6,553,600 | LR: 8.00e-05
Step 810 | Loss: 7.2154 | PPL: 1360.19 | Tokens: 6,635,520 | LR: 8.10e-05
Step 820 | Loss: 7.1418 | PPL: 1263.74 | Tokens: 6,717,440 | LR: 8.20e-05
Step 830 | Loss: 7.1332 | PPL: 1252.92 | Tokens: 6,799,360 | LR: 8.30e-05
Step 840 | Loss: 6.9340 | PPL: 1026.63 | Tokens: 6,881,280 | LR: 8.40e-05
Step 850 | Loss: 6.8346 | PPL: 929.47 | Tokens: 6,963,200 | LR: 8.50e-05
Step 860 | Loss: 7.0050 | PPL: 1102.11 | Tokens: 7,045,120 | LR: 8.60e-05
Step 870 | Loss: 6.9049 | PPL: 997.16 | Tokens: 7,127,040 | LR: 8.70e-05
Step 880 | Loss: 7.4578 | PPL: 1733.27 | Tokens: 7,208,960 | LR: 8.80e-05
Step 890 | Loss: 7.2119 | PPL: 1355.51 | Tokens: 7,290,880 | LR: 8.90e-05
Step 900 | Loss: 7.1558 | PPL: 1281.52 | Tokens: 7,372,800 | LR: 9.00e-05
Step 910 | Loss: 7.0654 | PPL: 1170.76 | Tokens: 7,454,720 | LR: 9.10e-05
Step 920 | Loss: 7.3877 | PPL: 1615.93 | Tokens: 7,536,640 | LR: 9.20e-05
Step 930 | Loss: 7.2371 | PPL: 1390.08 | Tokens: 7,618,560 | LR: 9.30e-05
Step 940 | Loss: 7.3511 | PPL: 1557.95 | Tokens: 7,700,480 | LR: 9.40e-05
Step 950 | Loss: 7.1103 | PPL: 1224.50 | Tokens: 7,782,400 | LR: 9.50e-05
Step 960 | Loss: 6.7862 | PPL: 885.57 | Tokens: 7,864,320 | LR: 9.60e-05
Step 970 | Loss: 7.2187 | PPL: 1364.73 | Tokens: 7,946,240 | LR: 9.70e-05
Step 980 | Loss: 7.1984 | PPL: 1337.33 | Tokens: 8,028,160 | LR: 9.80e-05
Step 990 | Loss: 7.2799 | PPL: 1450.90 | Tokens: 8,110,080 | LR: 9.90e-05
Step 1000 | Loss: 7.0049 | PPL: 1102.06 | Tokens: 8,192,000 | LR: 1.00e-04
Step 1010 | Loss: 7.1751 | PPL: 1306.44 | Tokens: 8,273,920 | LR: 1.00e-04
Step 1020 | Loss: 7.0006 | PPL: 1097.25 | Tokens: 8,355,840 | LR: 1.00e-04
Step 1030 | Loss: 7.2500 | PPL: 1408.16 | Tokens: 8,437,760 | LR: 1.00e-04
Step 1040 | Loss: 7.4073 | PPL: 1648.01 | Tokens: 8,519,680 | LR: 1.00e-04
Step 1050 | Loss: 6.9311 | PPL: 1023.60 | Tokens: 8,601,600 | LR: 1.00e-04
Step 1060 | Loss: 7.1744 | PPL: 1305.55 | Tokens: 8,683,520 | LR: 1.00e-04
Step 1070 | Loss: 7.1801 | PPL: 1312.99 | Tokens: 8,765,440 | LR: 1.00e-04
Step 1080 | Loss: 6.2890 | PPL: 538.60 | Tokens: 8,847,360 | LR: 1.00e-04
Step 1090 | Loss: 7.1441 | PPL: 1266.55 | Tokens: 8,929,280 | LR: 1.00e-04
Step 1100 | Loss: 6.8929 | PPL: 985.25 | Tokens: 9,011,200 | LR: 1.00e-04
Step 1110 | Loss: 7.1836 | PPL: 1317.64 | Tokens: 9,093,120 | LR: 1.00e-04
Step 1120 | Loss: 6.9540 | PPL: 1047.38 | Tokens: 9,175,040 | LR: 1.00e-04
Step 1130 | Loss: 7.2529 | PPL: 1412.23 | Tokens: 9,256,960 | LR: 1.00e-04
Step 1140 | Loss: 6.7116 | PPL: 821.86 | Tokens: 9,338,880 | LR: 1.00e-04
Step 1150 | Loss: 6.9047 | PPL: 996.98 | Tokens: 9,420,800 | LR: 1.00e-04
Step 1160 | Loss: 7.1309 | PPL: 1249.96 | Tokens: 9,502,720 | LR: 1.00e-04
Step 1170 | Loss: 7.2609 | PPL: 1423.57 | Tokens: 9,584,640 | LR: 1.00e-04
Step 1180 | Loss: 6.5252 | PPL: 682.14 | Tokens: 9,666,560 | LR: 1.00e-04
Step 1190 | Loss: 7.0749 | PPL: 1181.91 | Tokens: 9,748,480 | LR: 1.00e-04
Step 1200 | Loss: 7.3429 | PPL: 1545.11 | Tokens: 9,830,400 | LR: 1.00e-04
Step 1210 | Loss: 6.7002 | PPL: 812.58 | Tokens: 9,912,320 | LR: 1.00e-04
Step 1220 | Loss: 6.8410 | PPL: 935.43 | Tokens: 9,994,240 | LR: 1.00e-04
Step 1230 | Loss: 7.0863 | PPL: 1195.50 | Tokens: 10,076,160 | LR: 1.00e-04
Step 1240 | Loss: 7.1371 | PPL: 1257.82 | Tokens: 10,158,080 | LR: 1.00e-04
Step 1250 | Loss: 6.6976 | PPL: 810.42 | Tokens: 10,240,000 | LR: 1.00e-04
Step 1260 | Loss: 6.9162 | PPL: 1008.48 | Tokens: 10,321,920 | LR: 1.00e-04
Step 1270 | Loss: 6.9206 | PPL: 1012.96 | Tokens: 10,403,840 | LR: 1.00e-04
Step 1280 | Loss: 7.2278 | PPL: 1377.25 | Tokens: 10,485,760 | LR: 1.00e-04
Step 1290 | Loss: 6.7234 | PPL: 831.67 | Tokens: 10,567,680 | LR: 1.00e-04
Step 1300 | Loss: 6.7981 | PPL: 896.14 | Tokens: 10,649,600 | LR: 1.00e-04
Step 1310 | Loss: 6.3413 | PPL: 567.55 | Tokens: 10,731,520 | LR: 1.00e-04
Step 1320 | Loss: 6.9892 | PPL: 1084.86 | Tokens: 10,813,440 | LR: 1.00e-04
Step 1330 | Loss: 7.0284 | PPL: 1128.23 | Tokens: 10,895,360 | LR: 1.00e-04
Step 1340 | Loss: 7.0937 | PPL: 1204.39 | Tokens: 10,977,280 | LR: 1.00e-04
Step 1350 | Loss: 6.8550 | PPL: 948.57 | Tokens: 11,059,200 | LR: 1.00e-04
Step 1360 | Loss: 6.8148 | PPL: 911.25 | Tokens: 11,141,120 | LR: 1.00e-04
Step 1370 | Loss: 7.0477 | PPL: 1150.20 | Tokens: 11,223,040 | LR: 1.00e-04
Step 1380 | Loss: 6.8390 | PPL: 933.55 | Tokens: 11,304,960 | LR: 1.00e-04
Step 1390 | Loss: 7.0894 | PPL: 1199.22 | Tokens: 11,386,880 | LR: 1.00e-04
Step 1400 | Loss: 6.9092 | PPL: 1001.49 | Tokens: 11,468,800 | LR: 1.00e-04
Step 1410 | Loss: 6.7990 | PPL: 896.95 | Tokens: 11,550,720 | LR: 1.00e-04
Step 1420 | Loss: 7.0134 | PPL: 1111.46 | Tokens: 11,632,640 | LR: 1.00e-04
Step 1430 | Loss: 7.0735 | PPL: 1180.22 | Tokens: 11,714,560 | LR: 1.00e-04
Step 1440 | Loss: 6.5404 | PPL: 692.56 | Tokens: 11,796,480 | LR: 1.00e-04
Step 1450 | Loss: 6.6546 | PPL: 776.38 | Tokens: 11,878,400 | LR: 1.00e-04
Step 1460 | Loss: 6.9544 | PPL: 1047.78 | Tokens: 11,960,320 | LR: 1.00e-04
Step 1470 | Loss: 7.1331 | PPL: 1252.75 | Tokens: 12,042,240 | LR: 1.00e-04
Step 1480 | Loss: 6.7150 | PPL: 824.64 | Tokens: 12,124,160 | LR: 1.00e-04
Step 1490 | Loss: 6.4465 | PPL: 630.52 | Tokens: 12,206,080 | LR: 1.00e-04
Step 1500 | Loss: 6.8703 | PPL: 963.27 | Tokens: 12,288,000 | LR: 1.00e-04
Step 1510 | Loss: 6.7251 | PPL: 833.08 | Tokens: 12,369,920 | LR: 1.00e-04
Step 1520 | Loss: 6.5507 | PPL: 699.75 | Tokens: 12,451,840 | LR: 1.00e-04
Step 1530 | Loss: 7.4166 | PPL: 1663.30 | Tokens: 12,533,760 | LR: 1.00e-04
Step 1540 | Loss: 6.8481 | PPL: 942.12 | Tokens: 12,615,680 | LR: 1.00e-04
Step 1550 | Loss: 6.4461 | PPL: 630.26 | Tokens: 12,697,600 | LR: 1.00e-04
Step 1560 | Loss: 6.8101 | PPL: 906.92 | Tokens: 12,779,520 | LR: 1.00e-04
Step 1570 | Loss: 7.0672 | PPL: 1172.81 | Tokens: 12,861,440 | LR: 1.00e-04
Step 1580 | Loss: 6.8923 | PPL: 984.64 | Tokens: 12,943,360 | LR: 1.00e-04
Step 1590 | Loss: 6.7454 | PPL: 850.14 | Tokens: 13,025,280 | LR: 1.00e-04
Step 1600 | Loss: 6.9914 | PPL: 1087.29 | Tokens: 13,107,200 | LR: 1.00e-04
Step 1610 | Loss: 6.7746 | PPL: 875.35 | Tokens: 13,189,120 | LR: 1.00e-04
Step 1620 | Loss: 6.8024 | PPL: 900.01 | Tokens: 13,271,040 | LR: 1.00e-04
Step 1630 | Loss: 6.5872 | PPL: 725.74 | Tokens: 13,352,960 | LR: 1.00e-04
Step 1640 | Loss: 6.4781 | PPL: 650.73 | Tokens: 13,434,880 | LR: 1.00e-04
Step 1650 | Loss: 6.6992 | PPL: 811.72 | Tokens: 13,516,800 | LR: 1.00e-04
Step 1660 | Loss: 7.1436 | PPL: 1265.93 | Tokens: 13,598,720 | LR: 1.00e-04
Step 1670 | Loss: 6.5348 | PPL: 688.67 | Tokens: 13,680,640 | LR: 1.00e-04
Step 1680 | Loss: 6.7113 | PPL: 821.64 | Tokens: 13,762,560 | LR: 1.00e-04
Step 1690 | Loss: 6.5253 | PPL: 682.21 | Tokens: 13,844,480 | LR: 1.00e-04
Step 1700 | Loss: 6.9795 | PPL: 1074.37 | Tokens: 13,926,400 | LR: 1.00e-04
Step 1710 | Loss: 6.5610 | PPL: 707.01 | Tokens: 14,008,320 | LR: 1.00e-04
Step 1720 | Loss: 6.8687 | PPL: 961.66 | Tokens: 14,090,240 | LR: 1.00e-04
Step 1730 | Loss: 6.1816 | PPL: 483.79 | Tokens: 14,172,160 | LR: 1.00e-04
Step 1740 | Loss: 6.7242 | PPL: 832.33 | Tokens: 14,254,080 | LR: 1.00e-04
Step 1750 | Loss: 6.6989 | PPL: 811.47 | Tokens: 14,336,000 | LR: 1.00e-04
Step 1760 | Loss: 6.6618 | PPL: 781.95 | Tokens: 14,417,920 | LR: 1.00e-04
Step 1770 | Loss: 6.5475 | PPL: 697.50 | Tokens: 14,499,840 | LR: 1.00e-04
Step 1780 | Loss: 6.7074 | PPL: 818.44 | Tokens: 14,581,760 | LR: 1.00e-04
Step 1790 | Loss: 6.8492 | PPL: 943.09 | Tokens: 14,663,680 | LR: 1.00e-04
Step 1800 | Loss: 6.7121 | PPL: 822.31 | Tokens: 14,745,600 | LR: 1.00e-04
Step 1810 | Loss: 7.0207 | PPL: 1119.53 | Tokens: 14,827,520 | LR: 1.00e-04
Step 1820 | Loss: 6.6598 | PPL: 780.37 | Tokens: 14,909,440 | LR: 1.00e-04
Step 1830 | Loss: 6.3062 | PPL: 547.98 | Tokens: 14,991,360 | LR: 1.00e-04
Step 1840 | Loss: 6.5332 | PPL: 687.60 | Tokens: 15,073,280 | LR: 1.00e-04
Step 1850 | Loss: 6.6506 | PPL: 773.24 | Tokens: 15,155,200 | LR: 1.00e-04
Step 1860 | Loss: 6.2729 | PPL: 530.02 | Tokens: 15,237,120 | LR: 1.00e-04
Step 1870 | Loss: 6.5067 | PPL: 669.61 | Tokens: 15,319,040 | LR: 1.00e-04
Step 1880 | Loss: 6.2755 | PPL: 531.39 | Tokens: 15,400,960 | LR: 1.00e-04
Step 1890 | Loss: 6.6565 | PPL: 777.85 | Tokens: 15,482,880 | LR: 1.00e-04
Step 1900 | Loss: 6.6193 | PPL: 749.40 | Tokens: 15,564,800 | LR: 1.00e-04
Step 1910 | Loss: 6.7975 | PPL: 895.58 | Tokens: 15,646,720 | LR: 1.00e-04
Step 1920 | Loss: 6.7068 | PPL: 817.91 | Tokens: 15,728,640 | LR: 1.00e-04
Step 1930 | Loss: 6.5977 | PPL: 733.43 | Tokens: 15,810,560 | LR: 1.00e-04
Step 1940 | Loss: 6.7720 | PPL: 873.08 | Tokens: 15,892,480 | LR: 1.00e-04
Step 1950 | Loss: 6.4464 | PPL: 630.41 | Tokens: 15,974,400 | LR: 1.00e-04
Step 1960 | Loss: 6.9759 | PPL: 1070.54 | Tokens: 16,056,320 | LR: 1.00e-04
Step 1970 | Loss: 6.4326 | PPL: 621.79 | Tokens: 16,138,240 | LR: 1.00e-04
Step 1980 | Loss: 6.3786 | PPL: 589.09 | Tokens: 16,220,160 | LR: 1.00e-04
Step 1990 | Loss: 7.1931 | PPL: 1330.22 | Tokens: 16,302,080 | LR: 1.00e-04
Step 2000 | Loss: 6.6766 | PPL: 793.65 | Tokens: 16,384,000 | LR: 1.00e-04
Step 2010 | Loss: 6.5734 | PPL: 715.80 | Tokens: 16,465,920 | LR: 1.00e-04
Step 2020 | Loss: 6.8461 | PPL: 940.20 | Tokens: 16,547,840 | LR: 1.00e-04
Step 2030 | Loss: 6.7942 | PPL: 892.66 | Tokens: 16,629,760 | LR: 1.00e-04
Step 2040 | Loss: 6.4819 | PPL: 653.21 | Tokens: 16,711,680 | LR: 1.00e-04
Step 2050 | Loss: 6.5598 | PPL: 706.14 | Tokens: 16,793,600 | LR: 1.00e-04
Step 2060 | Loss: 6.8079 | PPL: 904.94 | Tokens: 16,875,520 | LR: 1.00e-04
Step 2070 | Loss: 7.2087 | PPL: 1351.17 | Tokens: 16,957,440 | LR: 1.00e-04
Step 2080 | Loss: 6.2343 | PPL: 509.93 | Tokens: 17,039,360 | LR: 1.00e-04
Step 2090 | Loss: 6.3868 | PPL: 593.96 | Tokens: 17,121,280 | LR: 1.00e-04
Step 2100 | Loss: 6.9909 | PPL: 1086.73 | Tokens: 17,203,200 | LR: 1.00e-04
Step 2110 | Loss: 6.5021 | PPL: 666.54 | Tokens: 17,285,120 | LR: 1.00e-04
Step 2120 | Loss: 6.2499 | PPL: 517.96 | Tokens: 17,367,040 | LR: 1.00e-04
Step 2130 | Loss: 6.5071 | PPL: 669.85 | Tokens: 17,448,960 | LR: 1.00e-04
Step 2140 | Loss: 6.5404 | PPL: 692.53 | Tokens: 17,530,880 | LR: 1.00e-04
Step 2150 | Loss: 6.4510 | PPL: 633.31 | Tokens: 17,612,800 | LR: 1.00e-04
Step 2160 | Loss: 6.6851 | PPL: 800.36 | Tokens: 17,694,720 | LR: 1.00e-04
Step 2170 | Loss: 6.6628 | PPL: 782.78 | Tokens: 17,776,640 | LR: 1.00e-04
Step 2180 | Loss: 6.7722 | PPL: 873.26 | Tokens: 17,858,560 | LR: 1.00e-04
Step 2190 | Loss: 6.4498 | PPL: 632.56 | Tokens: 17,940,480 | LR: 1.00e-04
Step 2200 | Loss: 6.6748 | PPL: 792.20 | Tokens: 18,022,400 | LR: 1.00e-04
Step 2210 | Loss: 6.7256 | PPL: 833.47 | Tokens: 18,104,320 | LR: 1.00e-04
Step 2220 | Loss: 6.4205 | PPL: 614.30 | Tokens: 18,186,240 | LR: 1.00e-04
Step 2230 | Loss: 6.6197 | PPL: 749.70 | Tokens: 18,268,160 | LR: 1.00e-04
Step 2240 | Loss: 6.6813 | PPL: 797.39 | Tokens: 18,350,080 | LR: 1.00e-04
Step 2250 | Loss: 6.9154 | PPL: 1007.70 | Tokens: 18,432,000 | LR: 1.00e-04
Step 2260 | Loss: 6.5847 | PPL: 723.92 | Tokens: 18,513,920 | LR: 1.00e-04
Step 2270 | Loss: 6.4495 | PPL: 632.41 | Tokens: 18,595,840 | LR: 1.00e-04
Step 2280 | Loss: 6.0058 | PPL: 405.77 | Tokens: 18,677,760 | LR: 1.00e-04
Step 2290 | Loss: 6.6031 | PPL: 737.37 | Tokens: 18,759,680 | LR: 1.00e-04
Step 2300 | Loss: 6.7816 | PPL: 881.52 | Tokens: 18,841,600 | LR: 1.00e-04
Step 2310 | Loss: 6.4963 | PPL: 662.70 | Tokens: 18,923,520 | LR: 1.00e-04
Step 2320 | Loss: 6.5832 | PPL: 722.87 | Tokens: 19,005,440 | LR: 1.00e-04
Step 2330 | Loss: 6.4598 | PPL: 638.96 | Tokens: 19,087,360 | LR: 1.00e-04
Step 2340 | Loss: 6.5852 | PPL: 724.28 | Tokens: 19,169,280 | LR: 1.00e-04
Step 2350 | Loss: 6.5385 | PPL: 691.26 | Tokens: 19,251,200 | LR: 1.00e-04
Step 2360 | Loss: 6.4037 | PPL: 604.10 | Tokens: 19,333,120 | LR: 1.00e-04
Step 2370 | Loss: 6.2006 | PPL: 493.03 | Tokens: 19,415,040 | LR: 1.00e-04
Step 2380 | Loss: 6.8458 | PPL: 939.94 | Tokens: 19,496,960 | LR: 1.00e-04
Step 2390 | Loss: 6.5078 | PPL: 670.37 | Tokens: 19,578,880 | LR: 1.00e-04
Step 2400 | Loss: 6.5389 | PPL: 691.54 | Tokens: 19,660,800 | LR: 1.00e-04
Step 2410 | Loss: 6.6773 | PPL: 794.20 | Tokens: 19,742,720 | LR: 1.00e-04
Step 2420 | Loss: 6.5215 | PPL: 679.62 | Tokens: 19,824,640 | LR: 1.00e-04
Step 2430 | Loss: 6.5301 | PPL: 685.46 | Tokens: 19,906,560 | LR: 1.00e-04
Step 2440 | Loss: 6.3559 | PPL: 575.86 | Tokens: 19,988,480 | LR: 1.00e-04
Step 2450 | Loss: 6.5766 | PPL: 718.10 | Tokens: 20,070,400 | LR: 1.00e-04
Step 2460 | Loss: 6.4831 | PPL: 654.00 | Tokens: 20,152,320 | LR: 1.00e-04
Step 2470 | Loss: 6.7821 | PPL: 881.92 | Tokens: 20,234,240 | LR: 1.00e-04
Step 2480 | Loss: 6.5479 | PPL: 697.76 | Tokens: 20,316,160 | LR: 1.00e-04
Step 2490 | Loss: 6.5269 | PPL: 683.29 | Tokens: 20,398,080 | LR: 1.00e-04
Step 2500 | Loss: 6.3886 | PPL: 595.05 | Tokens: 20,480,000 | LR: 1.00e-04
Step 2510 | Loss: 6.6856 | PPL: 800.78 | Tokens: 20,561,920 | LR: 1.00e-04
Step 2520 | Loss: 6.6947 | PPL: 808.09 | Tokens: 20,643,840 | LR: 1.00e-04
Step 2530 | Loss: 6.7511 | PPL: 855.02 | Tokens: 20,725,760 | LR: 1.00e-04
Step 2540 | Loss: 6.0477 | PPL: 423.15 | Tokens: 20,807,680 | LR: 1.00e-04
Step 2550 | Loss: 6.3223 | PPL: 556.86 | Tokens: 20,889,600 | LR: 1.00e-04
Step 2560 | Loss: 6.8324 | PPL: 927.42 | Tokens: 20,971,520 | LR: 1.00e-04
Step 2570 | Loss: 6.3898 | PPL: 595.73 | Tokens: 21,053,440 | LR: 1.00e-04
Step 2580 | Loss: 6.1471 | PPL: 467.38 | Tokens: 21,135,360 | LR: 1.00e-04
Step 2590 | Loss: 6.4111 | PPL: 608.54 | Tokens: 21,217,280 | LR: 1.00e-04
Step 2600 | Loss: 6.4820 | PPL: 653.25 | Tokens: 21,299,200 | LR: 1.00e-04
Step 2610 | Loss: 6.6482 | PPL: 771.38 | Tokens: 21,381,120 | LR: 1.00e-04
Step 2620 | Loss: 6.5166 | PPL: 676.30 | Tokens: 21,463,040 | LR: 1.00e-04
Step 2630 | Loss: 6.5282 | PPL: 684.18 | Tokens: 21,544,960 | LR: 1.00e-04
Step 2640 | Loss: 6.4972 | PPL: 663.26 | Tokens: 21,626,880 | LR: 1.00e-04
Step 2650 | Loss: 6.0540 | PPL: 425.83 | Tokens: 21,708,800 | LR: 1.00e-04
Step 2660 | Loss: 6.7703 | PPL: 871.54 | Tokens: 21,790,720 | LR: 1.00e-04
Step 2670 | Loss: 6.7220 | PPL: 830.44 | Tokens: 21,872,640 | LR: 1.00e-04
Step 2680 | Loss: 6.8337 | PPL: 928.61 | Tokens: 21,954,560 | LR: 1.00e-04
Step 2690 | Loss: 6.5322 | PPL: 686.94 | Tokens: 22,036,480 | LR: 1.00e-04
Step 2700 | Loss: 6.6838 | PPL: 799.36 | Tokens: 22,118,400 | LR: 1.00e-04
Step 2710 | Loss: 7.1748 | PPL: 1306.11 | Tokens: 22,200,320 | LR: 1.00e-04
Step 2720 | Loss: 6.2135 | PPL: 499.45 | Tokens: 22,282,240 | LR: 1.00e-04
Step 2730 | Loss: 6.3454 | PPL: 569.87 | Tokens: 22,364,160 | LR: 1.00e-04
Step 2740 | Loss: 6.2803 | PPL: 533.95 | Tokens: 22,446,080 | LR: 1.00e-04
Step 2750 | Loss: 6.5898 | PPL: 727.62 | Tokens: 22,528,000 | LR: 1.00e-04
Step 2760 | Loss: 6.7144 | PPL: 824.21 | Tokens: 22,609,920 | LR: 1.00e-04
Step 2770 | Loss: 7.1934 | PPL: 1330.60 | Tokens: 22,691,840 | LR: 1.00e-04
Step 2780 | Loss: 6.5256 | PPL: 682.38 | Tokens: 22,773,760 | LR: 1.00e-04
Step 2790 | Loss: 6.1814 | PPL: 483.69 | Tokens: 22,855,680 | LR: 1.00e-04
Step 2800 | Loss: 6.4798 | PPL: 651.85 | Tokens: 22,937,600 | LR: 1.00e-04
Step 2810 | Loss: 6.8194 | PPL: 915.45 | Tokens: 23,019,520 | LR: 1.00e-04
Step 2820 | Loss: 6.6091 | PPL: 741.85 | Tokens: 23,101,440 | LR: 1.00e-04
Step 2830 | Loss: 6.5493 | PPL: 698.78 | Tokens: 23,183,360 | LR: 1.00e-04
Step 2840 | Loss: 5.9542 | PPL: 385.39 | Tokens: 23,265,280 | LR: 1.00e-04
Step 2850 | Loss: 6.3526 | PPL: 574.01 | Tokens: 23,347,200 | LR: 1.00e-04
Step 2860 | Loss: 6.2927 | PPL: 540.61 | Tokens: 23,429,120 | LR: 1.00e-04
Step 2870 | Loss: 5.3644 | PPL: 213.65 | Tokens: 23,511,040 | LR: 1.00e-04
Step 2880 | Loss: 6.4578 | PPL: 637.63 | Tokens: 23,592,960 | LR: 1.00e-04
Step 2890 | Loss: 6.3498 | PPL: 572.36 | Tokens: 23,674,880 | LR: 1.00e-04
Step 2900 | Loss: 6.7281 | PPL: 835.59 | Tokens: 23,756,800 | LR: 1.00e-04
Step 2910 | Loss: 6.6939 | PPL: 807.47 | Tokens: 23,838,720 | LR: 1.00e-04
Step 2920 | Loss: 6.2517 | PPL: 518.87 | Tokens: 23,920,640 | LR: 1.00e-04
Step 2930 | Loss: 6.8091 | PPL: 906.04 | Tokens: 24,002,560 | LR: 1.00e-04
Step 2940 | Loss: 6.0483 | PPL: 423.38 | Tokens: 24,084,480 | LR: 1.00e-04
Step 2950 | Loss: 6.2283 | PPL: 506.89 | Tokens: 24,166,400 | LR: 1.00e-04
Step 2960 | Loss: 6.3834 | PPL: 591.91 | Tokens: 24,248,320 | LR: 1.00e-04
Step 2970 | Loss: 6.1017 | PPL: 446.61 | Tokens: 24,330,240 | LR: 1.00e-04
Step 2980 | Loss: 5.9452 | PPL: 381.91 | Tokens: 24,412,160 | LR: 1.00e-04
Step 2990 | Loss: 6.3396 | PPL: 566.55 | Tokens: 24,494,080 | LR: 1.00e-04
Step 3000 | Loss: 6.3450 | PPL: 569.65 | Tokens: 24,576,000 | LR: 1.00e-04
Step 3010 | Loss: 6.7213 | PPL: 829.89 | Tokens: 24,657,920 | LR: 1.00e-04
Step 3020 | Loss: 5.7722 | PPL: 321.25 | Tokens: 24,739,840 | LR: 1.00e-04
Step 3030 | Loss: 6.3891 | PPL: 595.31 | Tokens: 24,821,760 | LR: 1.00e-04
Step 3040 | Loss: 6.3046 | PPL: 547.06 | Tokens: 24,903,680 | LR: 1.00e-04
Step 3050 | Loss: 6.6235 | PPL: 752.57 | Tokens: 24,985,600 | LR: 1.00e-04
Step 3060 | Loss: 6.7793 | PPL: 879.46 | Tokens: 25,067,520 | LR: 1.00e-04
Step 3070 | Loss: 6.1845 | PPL: 485.18 | Tokens: 25,149,440 | LR: 1.00e-04
Step 3080 | Loss: 6.1795 | PPL: 482.76 | Tokens: 25,231,360 | LR: 1.00e-04
Step 3090 | Loss: 6.5385 | PPL: 691.22 | Tokens: 25,313,280 | LR: 1.00e-04
Step 3100 | Loss: 6.2646 | PPL: 525.65 | Tokens: 25,395,200 | LR: 1.00e-04
Step 3110 | Loss: 6.4449 | PPL: 629.45 | Tokens: 25,477,120 | LR: 1.00e-04
Step 3120 | Loss: 6.2862 | PPL: 537.11 | Tokens: 25,559,040 | LR: 1.00e-04
Step 3130 | Loss: 6.4094 | PPL: 607.55 | Tokens: 25,640,960 | LR: 1.00e-04
Step 3140 | Loss: 6.3157 | PPL: 553.21 | Tokens: 25,722,880 | LR: 1.00e-04
Step 3150 | Loss: 6.4030 | PPL: 603.64 | Tokens: 25,804,800 | LR: 1.00e-04
Step 3160 | Loss: 6.2564 | PPL: 521.34 | Tokens: 25,886,720 | LR: 1.00e-04
Step 3170 | Loss: 6.1495 | PPL: 468.51 | Tokens: 25,968,640 | LR: 1.00e-04
Step 3180 | Loss: 6.1984 | PPL: 491.94 | Tokens: 26,050,560 | LR: 1.00e-04
Step 3190 | Loss: 6.3634 | PPL: 580.21 | Tokens: 26,132,480 | LR: 1.00e-04
Step 3200 | Loss: 6.2217 | PPL: 503.55 | Tokens: 26,214,400 | LR: 1.00e-04
Step 3210 | Loss: 6.1333 | PPL: 460.94 | Tokens: 26,296,320 | LR: 1.00e-04
Step 3220 | Loss: 6.1918 | PPL: 488.75 | Tokens: 26,378,240 | LR: 1.00e-04
Step 3230 | Loss: 6.5921 | PPL: 729.35 | Tokens: 26,460,160 | LR: 1.00e-04
Step 3240 | Loss: 6.6397 | PPL: 764.88 | Tokens: 26,542,080 | LR: 1.00e-04
Step 3250 | Loss: 5.3235 | PPL: 205.10 | Tokens: 26,624,000 | LR: 1.00e-04
Step 3260 | Loss: 5.6069 | PPL: 272.31 | Tokens: 26,705,920 | LR: 1.00e-04
Step 3270 | Loss: 6.5428 | PPL: 694.24 | Tokens: 26,787,840 | LR: 1.00e-04
Step 3280 | Loss: 6.4094 | PPL: 607.54 | Tokens: 26,869,760 | LR: 1.00e-04
Step 3290 | Loss: 6.2333 | PPL: 509.44 | Tokens: 26,951,680 | LR: 1.00e-04
Step 3300 | Loss: 6.5235 | PPL: 680.98 | Tokens: 27,033,600 | LR: 1.00e-04
Step 3310 | Loss: 6.7419 | PPL: 847.13 | Tokens: 27,115,520 | LR: 1.00e-04
Step 3320 | Loss: 6.3075 | PPL: 548.68 | Tokens: 27,197,440 | LR: 1.00e-04
Step 3330 | Loss: 6.3308 | PPL: 561.60 | Tokens: 27,279,360 | LR: 1.00e-04
Step 3340 | Loss: 5.4534 | PPL: 233.54 | Tokens: 27,361,280 | LR: 1.00e-04
Step 3350 | Loss: 6.4124 | PPL: 609.34 | Tokens: 27,443,200 | LR: 1.00e-04
Step 3360 | Loss: 6.1999 | PPL: 492.69 | Tokens: 27,525,120 | LR: 1.00e-04
