HOSTNAME=midway3-0315.rcc.local
NVIDIA A100-SXM4-40GB, 40960 MiB, 00000000:17:00.0
NVIDIA A100-SXM4-40GB, 40960 MiB, 00000000:B1:00.0
============================================================
Argonne Model Training (DDP)
============================================================
Using device: cuda:0, World size: 2
Vocab size: 151669, EOS token ID: 151643
Using 2 GPUs with DistributedDataParallel
Compiling model with torch.compile...
Model parameters: 1,376,278,528
Mixed precision: autocast bf16
Attention Residuals: OFF (standard residuals)
DataLoader: 20,839,021,454 tokens
Training for 1 epoch(s) ~= 2543825 steps (20,839,021,454 tokens)

Starting training...
GPUs: 2, Batch size per GPU: 512
Sequence length: 8
Total batch size: 8192 tokens (requested: 8192)
Gradient accumulation steps: 1
Training for 1 epoch(s) (estimated ~2543825 steps)
LR: 0.0001, Warmup: 1000, Min LR Ratio: 0.1, Precision: bf16, TorchCompile: 1
Checkpoint interval: 999999 seconds
Mode: continued pretraining (fresh schedule)
------------------------------------------------------------
Step 10 | Loss: 12.3936 | PPL: 241250.23 | Tokens: 81,920 | LR: 1.00e-06
Step 20 | Loss: 12.3632 | PPL: 234031.65 | Tokens: 163,840 | LR: 2.00e-06
Step 30 | Loss: 12.3071 | PPL: 221260.18 | Tokens: 245,760 | LR: 3.00e-06
Step 40 | Loss: 12.1352 | PPL: 186321.35 | Tokens: 327,680 | LR: 4.00e-06
Step 50 | Loss: 12.0695 | PPL: 174466.75 | Tokens: 409,600 | LR: 5.00e-06
Step 60 | Loss: 11.9816 | PPL: 159790.05 | Tokens: 491,520 | LR: 6.00e-06
Step 70 | Loss: 11.4639 | PPL: 95212.02 | Tokens: 573,440 | LR: 7.00e-06
Step 80 | Loss: 11.1578 | PPL: 70105.39 | Tokens: 655,360 | LR: 8.00e-06
Step 90 | Loss: 10.6702 | PPL: 43054.35 | Tokens: 737,280 | LR: 9.00e-06
Step 100 | Loss: 10.1135 | PPL: 24673.53 | Tokens: 819,200 | LR: 1.00e-05
Step 110 | Loss: 9.2043 | PPL: 9940.13 | Tokens: 901,120 | LR: 1.10e-05
Step 120 | Loss: 8.9458 | PPL: 7675.81 | Tokens: 983,040 | LR: 1.20e-05
Step 130 | Loss: 8.6565 | PPL: 5747.67 | Tokens: 1,064,960 | LR: 1.30e-05
Step 140 | Loss: 8.1846 | PPL: 3585.26 | Tokens: 1,146,880 | LR: 1.40e-05
Step 150 | Loss: 8.1766 | PPL: 3556.67 | Tokens: 1,228,800 | LR: 1.50e-05
Step 160 | Loss: 7.9644 | PPL: 2876.76 | Tokens: 1,310,720 | LR: 1.60e-05
Step 170 | Loss: 8.1974 | PPL: 3631.60 | Tokens: 1,392,640 | LR: 1.70e-05
Step 180 | Loss: 7.6496 | PPL: 2099.80 | Tokens: 1,474,560 | LR: 1.80e-05
Step 190 | Loss: 7.6230 | PPL: 2044.70 | Tokens: 1,556,480 | LR: 1.90e-05
Step 200 | Loss: 7.6774 | PPL: 2158.93 | Tokens: 1,638,400 | LR: 2.00e-05
Step 210 | Loss: 7.9439 | PPL: 2818.40 | Tokens: 1,720,320 | LR: 2.10e-05
Step 220 | Loss: 7.2993 | PPL: 1479.31 | Tokens: 1,802,240 | LR: 2.20e-05
Step 230 | Loss: 7.7001 | PPL: 2208.67 | Tokens: 1,884,160 | LR: 2.30e-05
Step 240 | Loss: 7.1924 | PPL: 1329.33 | Tokens: 1,966,080 | LR: 2.40e-05
Step 250 | Loss: 7.5664 | PPL: 1932.19 | Tokens: 2,048,000 | LR: 2.50e-05
Step 260 | Loss: 7.4650 | PPL: 1745.91 | Tokens: 2,129,920 | LR: 2.60e-05
Step 270 | Loss: 7.8555 | PPL: 2579.93 | Tokens: 2,211,840 | LR: 2.70e-05
Step 280 | Loss: 7.4851 | PPL: 1781.34 | Tokens: 2,293,760 | LR: 2.80e-05
Step 290 | Loss: 7.7661 | PPL: 2359.34 | Tokens: 2,375,680 | LR: 2.90e-05
Step 300 | Loss: 7.6951 | PPL: 2197.62 | Tokens: 2,457,600 | LR: 3.00e-05
Step 310 | Loss: 7.9116 | PPL: 2728.85 | Tokens: 2,539,520 | LR: 3.10e-05
Step 320 | Loss: 7.6467 | PPL: 2093.71 | Tokens: 2,621,440 | LR: 3.20e-05
Step 330 | Loss: 7.6684 | PPL: 2139.57 | Tokens: 2,703,360 | LR: 3.30e-05
Step 340 | Loss: 7.4395 | PPL: 1701.90 | Tokens: 2,785,280 | LR: 3.40e-05
Step 350 | Loss: 7.7797 | PPL: 2391.44 | Tokens: 2,867,200 | LR: 3.50e-05
Step 360 | Loss: 7.9963 | PPL: 2969.85 | Tokens: 2,949,120 | LR: 3.60e-05
Step 370 | Loss: 7.5445 | PPL: 1890.34 | Tokens: 3,031,040 | LR: 3.70e-05
Step 380 | Loss: 7.1338 | PPL: 1253.60 | Tokens: 3,112,960 | LR: 3.80e-05
Step 390 | Loss: 7.4827 | PPL: 1776.96 | Tokens: 3,194,880 | LR: 3.90e-05
Step 400 | Loss: 7.4763 | PPL: 1765.77 | Tokens: 3,276,800 | LR: 4.00e-05
Step 410 | Loss: 7.3775 | PPL: 1599.53 | Tokens: 3,358,720 | LR: 4.10e-05
Step 420 | Loss: 7.4826 | PPL: 1776.90 | Tokens: 3,440,640 | LR: 4.20e-05
Step 430 | Loss: 7.3772 | PPL: 1599.06 | Tokens: 3,522,560 | LR: 4.30e-05
Step 440 | Loss: 7.5931 | PPL: 1984.47 | Tokens: 3,604,480 | LR: 4.40e-05
Step 450 | Loss: 7.1605 | PPL: 1287.57 | Tokens: 3,686,400 | LR: 4.50e-05
Step 460 | Loss: 7.4765 | PPL: 1766.04 | Tokens: 3,768,320 | LR: 4.60e-05
Step 470 | Loss: 7.7015 | PPL: 2211.64 | Tokens: 3,850,240 | LR: 4.70e-05
Step 480 | Loss: 7.9496 | PPL: 2834.32 | Tokens: 3,932,160 | LR: 4.80e-05
Step 490 | Loss: 7.5171 | PPL: 1839.15 | Tokens: 4,014,080 | LR: 4.90e-05
Step 500 | Loss: 7.5019 | PPL: 1811.53 | Tokens: 4,096,000 | LR: 5.00e-05
Step 510 | Loss: 7.6211 | PPL: 2040.77 | Tokens: 4,177,920 | LR: 5.10e-05
Step 520 | Loss: 7.5043 | PPL: 1815.75 | Tokens: 4,259,840 | LR: 5.20e-05
Step 530 | Loss: 7.4889 | PPL: 1788.03 | Tokens: 4,341,760 | LR: 5.30e-05
Step 540 | Loss: 7.5548 | PPL: 1909.89 | Tokens: 4,423,680 | LR: 5.40e-05
Step 550 | Loss: 7.2178 | PPL: 1363.49 | Tokens: 4,505,600 | LR: 5.50e-05
Step 560 | Loss: 7.4487 | PPL: 1717.62 | Tokens: 4,587,520 | LR: 5.60e-05
Step 570 | Loss: 7.5353 | PPL: 1873.10 | Tokens: 4,669,440 | LR: 5.70e-05
Step 580 | Loss: 7.4924 | PPL: 1794.35 | Tokens: 4,751,360 | LR: 5.80e-05
Step 590 | Loss: 7.0256 | PPL: 1125.11 | Tokens: 4,833,280 | LR: 5.90e-05
Step 600 | Loss: 7.5914 | PPL: 1981.08 | Tokens: 4,915,200 | LR: 6.00e-05
Step 610 | Loss: 7.7763 | PPL: 2383.39 | Tokens: 4,997,120 | LR: 6.10e-05
Step 620 | Loss: 7.2041 | PPL: 1344.97 | Tokens: 5,079,040 | LR: 6.20e-05
Step 630 | Loss: 7.4332 | PPL: 1691.15 | Tokens: 5,160,960 | LR: 6.30e-05
Step 640 | Loss: 7.3308 | PPL: 1526.54 | Tokens: 5,242,880 | LR: 6.40e-05
Step 650 | Loss: 7.3110 | PPL: 1496.65 | Tokens: 5,324,800 | LR: 6.50e-05
Step 660 | Loss: 7.5792 | PPL: 1957.07 | Tokens: 5,406,720 | LR: 6.60e-05
Step 670 | Loss: 7.3273 | PPL: 1521.28 | Tokens: 5,488,640 | LR: 6.70e-05
Step 680 | Loss: 7.2079 | PPL: 1350.03 | Tokens: 5,570,560 | LR: 6.80e-05
Step 690 | Loss: 7.0759 | PPL: 1183.12 | Tokens: 5,652,480 | LR: 6.90e-05
Step 700 | Loss: 7.5276 | PPL: 1858.60 | Tokens: 5,734,400 | LR: 7.00e-05
Step 710 | Loss: 7.1558 | PPL: 1281.48 | Tokens: 5,816,320 | LR: 7.10e-05
Step 720 | Loss: 8.0975 | PPL: 3286.20 | Tokens: 5,898,240 | LR: 7.20e-05
Step 730 | Loss: 7.2681 | PPL: 1433.79 | Tokens: 5,980,160 | LR: 7.30e-05
Step 740 | Loss: 7.5290 | PPL: 1861.24 | Tokens: 6,062,080 | LR: 7.40e-05
Step 750 | Loss: 7.1372 | PPL: 1257.85 | Tokens: 6,144,000 | LR: 7.50e-05
Step 760 | Loss: 6.8907 | PPL: 983.10 | Tokens: 6,225,920 | LR: 7.60e-05
Step 770 | Loss: 7.3431 | PPL: 1545.56 | Tokens: 6,307,840 | LR: 7.70e-05
Step 780 | Loss: 7.1363 | PPL: 1256.83 | Tokens: 6,389,760 | LR: 7.80e-05
Step 790 | Loss: 7.6366 | PPL: 2072.74 | Tokens: 6,471,680 | LR: 7.90e-05
Step 800 | Loss: 7.3211 | PPL: 1511.88 | Tokens: 6,553,600 | LR: 8.00e-05
Step 810 | Loss: 7.4057 | PPL: 1645.40 | Tokens: 6,635,520 | LR: 8.10e-05
Step 820 | Loss: 7.2792 | PPL: 1449.80 | Tokens: 6,717,440 | LR: 8.20e-05
Step 830 | Loss: 7.2562 | PPL: 1416.81 | Tokens: 6,799,360 | LR: 8.30e-05
Step 840 | Loss: 7.0776 | PPL: 1185.09 | Tokens: 6,881,280 | LR: 8.40e-05
Step 850 | Loss: 6.9357 | PPL: 1028.35 | Tokens: 6,963,200 | LR: 8.50e-05
Step 860 | Loss: 7.1913 | PPL: 1327.89 | Tokens: 7,045,120 | LR: 8.60e-05
Step 870 | Loss: 7.0925 | PPL: 1202.86 | Tokens: 7,127,040 | LR: 8.70e-05
Step 880 | Loss: 7.5927 | PPL: 1983.62 | Tokens: 7,208,960 | LR: 8.80e-05
Step 890 | Loss: 7.3334 | PPL: 1530.58 | Tokens: 7,290,880 | LR: 8.90e-05
Step 900 | Loss: 7.2638 | PPL: 1427.70 | Tokens: 7,372,800 | LR: 9.00e-05
Step 910 | Loss: 7.2148 | PPL: 1359.37 | Tokens: 7,454,720 | LR: 9.10e-05
Step 920 | Loss: 7.4612 | PPL: 1739.22 | Tokens: 7,536,640 | LR: 9.20e-05
Step 930 | Loss: 7.3921 | PPL: 1623.09 | Tokens: 7,618,560 | LR: 9.30e-05
Step 940 | Loss: 7.4295 | PPL: 1684.88 | Tokens: 7,700,480 | LR: 9.40e-05
Step 950 | Loss: 7.2305 | PPL: 1380.86 | Tokens: 7,782,400 | LR: 9.50e-05
Step 960 | Loss: 6.9800 | PPL: 1074.87 | Tokens: 7,864,320 | LR: 9.60e-05
Step 970 | Loss: 7.2765 | PPL: 1445.86 | Tokens: 7,946,240 | LR: 9.70e-05
Step 980 | Loss: 7.3679 | PPL: 1584.33 | Tokens: 8,028,160 | LR: 9.80e-05
Step 990 | Loss: 7.4632 | PPL: 1742.76 | Tokens: 8,110,080 | LR: 9.90e-05
Step 1000 | Loss: 7.1352 | PPL: 1255.35 | Tokens: 8,192,000 | LR: 1.00e-04
Step 1010 | Loss: 7.3482 | PPL: 1553.34 | Tokens: 8,273,920 | LR: 1.00e-04
Step 1020 | Loss: 7.2065 | PPL: 1348.23 | Tokens: 8,355,840 | LR: 1.00e-04
Step 1030 | Loss: 7.4259 | PPL: 1678.91 | Tokens: 8,437,760 | LR: 1.00e-04
Step 1040 | Loss: 7.5814 | PPL: 1961.47 | Tokens: 8,519,680 | LR: 1.00e-04
Step 1050 | Loss: 7.0198 | PPL: 1118.56 | Tokens: 8,601,600 | LR: 1.00e-04
Step 1060 | Loss: 7.3490 | PPL: 1554.72 | Tokens: 8,683,520 | LR: 1.00e-04
Step 1070 | Loss: 7.3173 | PPL: 1506.09 | Tokens: 8,765,440 | LR: 1.00e-04
Step 1080 | Loss: 6.5490 | PPL: 698.54 | Tokens: 8,847,360 | LR: 1.00e-04
Step 1090 | Loss: 7.3009 | PPL: 1481.67 | Tokens: 8,929,280 | LR: 1.00e-04
Step 1100 | Loss: 6.9944 | PPL: 1090.53 | Tokens: 9,011,200 | LR: 1.00e-04
Step 1110 | Loss: 7.3083 | PPL: 1492.60 | Tokens: 9,093,120 | LR: 1.00e-04
Step 1120 | Loss: 7.1301 | PPL: 1249.06 | Tokens: 9,175,040 | LR: 1.00e-04
Step 1130 | Loss: 7.3993 | PPL: 1634.85 | Tokens: 9,256,960 | LR: 1.00e-04
Step 1140 | Loss: 6.8978 | PPL: 990.08 | Tokens: 9,338,880 | LR: 1.00e-04
Step 1150 | Loss: 7.0950 | PPL: 1205.91 | Tokens: 9,420,800 | LR: 1.00e-04
Step 1160 | Loss: 7.2699 | PPL: 1436.40 | Tokens: 9,502,720 | LR: 1.00e-04
Step 1170 | Loss: 7.4042 | PPL: 1642.91 | Tokens: 9,584,640 | LR: 1.00e-04
Step 1180 | Loss: 6.7922 | PPL: 890.86 | Tokens: 9,666,560 | LR: 1.00e-04
Step 1190 | Loss: 7.2365 | PPL: 1389.23 | Tokens: 9,748,480 | LR: 1.00e-04
Step 1200 | Loss: 7.5122 | PPL: 1830.32 | Tokens: 9,830,400 | LR: 1.00e-04
Step 1210 | Loss: 6.9515 | PPL: 1044.73 | Tokens: 9,912,320 | LR: 1.00e-04
Step 1220 | Loss: 7.0096 | PPL: 1107.23 | Tokens: 9,994,240 | LR: 1.00e-04
Step 1230 | Loss: 7.3123 | PPL: 1498.61 | Tokens: 10,076,160 | LR: 1.00e-04
Step 1240 | Loss: 7.2201 | PPL: 1366.61 | Tokens: 10,158,080 | LR: 1.00e-04
Step 1250 | Loss: 6.9264 | PPL: 1018.79 | Tokens: 10,240,000 | LR: 1.00e-04
Step 1260 | Loss: 7.2356 | PPL: 1388.03 | Tokens: 10,321,920 | LR: 1.00e-04
Step 1270 | Loss: 7.0784 | PPL: 1186.12 | Tokens: 10,403,840 | LR: 1.00e-04
Step 1280 | Loss: 7.4480 | PPL: 1716.38 | Tokens: 10,485,760 | LR: 1.00e-04
Step 1290 | Loss: 6.9459 | PPL: 1038.86 | Tokens: 10,567,680 | LR: 1.00e-04
Step 1300 | Loss: 7.0868 | PPL: 1196.06 | Tokens: 10,649,600 | LR: 1.00e-04
Step 1310 | Loss: 6.5397 | PPL: 692.10 | Tokens: 10,731,520 | LR: 1.00e-04
Step 1320 | Loss: 7.2084 | PPL: 1350.71 | Tokens: 10,813,440 | LR: 1.00e-04
Step 1330 | Loss: 7.2936 | PPL: 1470.81 | Tokens: 10,895,360 | LR: 1.00e-04
Step 1340 | Loss: 7.2676 | PPL: 1433.06 | Tokens: 10,977,280 | LR: 1.00e-04
Step 1350 | Loss: 6.9945 | PPL: 1090.66 | Tokens: 11,059,200 | LR: 1.00e-04
Step 1360 | Loss: 7.0022 | PPL: 1099.06 | Tokens: 11,141,120 | LR: 1.00e-04
Step 1370 | Loss: 7.2151 | PPL: 1359.79 | Tokens: 11,223,040 | LR: 1.00e-04
Step 1380 | Loss: 7.0432 | PPL: 1145.00 | Tokens: 11,304,960 | LR: 1.00e-04
Step 1390 | Loss: 7.4682 | PPL: 1751.39 | Tokens: 11,386,880 | LR: 1.00e-04
Step 1400 | Loss: 7.1375 | PPL: 1258.26 | Tokens: 11,468,800 | LR: 1.00e-04
Step 1410 | Loss: 6.9426 | PPL: 1035.43 | Tokens: 11,550,720 | LR: 1.00e-04
Step 1420 | Loss: 7.2109 | PPL: 1354.13 | Tokens: 11,632,640 | LR: 1.00e-04
Step 1430 | Loss: 7.2423 | PPL: 1397.36 | Tokens: 11,714,560 | LR: 1.00e-04
Step 1440 | Loss: 6.7900 | PPL: 888.91 | Tokens: 11,796,480 | LR: 1.00e-04
Step 1450 | Loss: 6.8723 | PPL: 965.16 | Tokens: 11,878,400 | LR: 1.00e-04
Step 1460 | Loss: 7.2415 | PPL: 1396.23 | Tokens: 11,960,320 | LR: 1.00e-04
Step 1470 | Loss: 7.4231 | PPL: 1674.19 | Tokens: 12,042,240 | LR: 1.00e-04
Step 1480 | Loss: 6.9454 | PPL: 1038.40 | Tokens: 12,124,160 | LR: 1.00e-04
Step 1490 | Loss: 6.6851 | PPL: 800.37 | Tokens: 12,206,080 | LR: 1.00e-04
Step 1500 | Loss: 7.1059 | PPL: 1219.12 | Tokens: 12,288,000 | LR: 1.00e-04
Step 1510 | Loss: 6.9630 | PPL: 1056.81 | Tokens: 12,369,920 | LR: 1.00e-04
Step 1520 | Loss: 6.8457 | PPL: 939.81 | Tokens: 12,451,840 | LR: 1.00e-04
Step 1530 | Loss: 7.6150 | PPL: 2028.41 | Tokens: 12,533,760 | LR: 1.00e-04
Step 1540 | Loss: 7.0723 | PPL: 1178.87 | Tokens: 12,615,680 | LR: 1.00e-04
Step 1550 | Loss: 6.7944 | PPL: 892.87 | Tokens: 12,697,600 | LR: 1.00e-04
Step 1560 | Loss: 7.0567 | PPL: 1160.55 | Tokens: 12,779,520 | LR: 1.00e-04
Step 1570 | Loss: 7.2785 | PPL: 1448.81 | Tokens: 12,861,440 | LR: 1.00e-04
Step 1580 | Loss: 7.1022 | PPL: 1214.61 | Tokens: 12,943,360 | LR: 1.00e-04
Step 1590 | Loss: 6.8871 | PPL: 979.58 | Tokens: 13,025,280 | LR: 1.00e-04
Step 1600 | Loss: 7.1722 | PPL: 1302.74 | Tokens: 13,107,200 | LR: 1.00e-04
Step 1610 | Loss: 6.9800 | PPL: 1074.90 | Tokens: 13,189,120 | LR: 1.00e-04
Step 1620 | Loss: 7.0414 | PPL: 1143.04 | Tokens: 13,271,040 | LR: 1.00e-04
Step 1630 | Loss: 6.8639 | PPL: 957.13 | Tokens: 13,352,960 | LR: 1.00e-04
Step 1640 | Loss: 6.8073 | PPL: 904.41 | Tokens: 13,434,880 | LR: 1.00e-04
Step 1650 | Loss: 6.9725 | PPL: 1066.93 | Tokens: 13,516,800 | LR: 1.00e-04
Step 1660 | Loss: 7.4612 | PPL: 1739.28 | Tokens: 13,598,720 | LR: 1.00e-04
Step 1670 | Loss: 6.7017 | PPL: 813.75 | Tokens: 13,680,640 | LR: 1.00e-04
Step 1680 | Loss: 6.9997 | PPL: 1096.29 | Tokens: 13,762,560 | LR: 1.00e-04
Step 1690 | Loss: 6.7972 | PPL: 895.31 | Tokens: 13,844,480 | LR: 1.00e-04
Step 1700 | Loss: 7.1657 | PPL: 1294.31 | Tokens: 13,926,400 | LR: 1.00e-04
Step 1710 | Loss: 6.8901 | PPL: 982.45 | Tokens: 14,008,320 | LR: 1.00e-04
Step 1720 | Loss: 7.1553 | PPL: 1280.93 | Tokens: 14,090,240 | LR: 1.00e-04
Step 1730 | Loss: 6.6341 | PPL: 760.63 | Tokens: 14,172,160 | LR: 1.00e-04
Step 1740 | Loss: 7.0662 | PPL: 1171.68 | Tokens: 14,254,080 | LR: 1.00e-04
Step 1750 | Loss: 7.0808 | PPL: 1188.90 | Tokens: 14,336,000 | LR: 1.00e-04
Step 1760 | Loss: 6.9009 | PPL: 993.20 | Tokens: 14,417,920 | LR: 1.00e-04
Step 1770 | Loss: 6.8588 | PPL: 952.26 | Tokens: 14,499,840 | LR: 1.00e-04
Step 1780 | Loss: 6.9151 | PPL: 1007.33 | Tokens: 14,581,760 | LR: 1.00e-04
Step 1790 | Loss: 7.0064 | PPL: 1103.69 | Tokens: 14,663,680 | LR: 1.00e-04
Step 1800 | Loss: 6.9556 | PPL: 1048.98 | Tokens: 14,745,600 | LR: 1.00e-04
Step 1810 | Loss: 7.2129 | PPL: 1356.84 | Tokens: 14,827,520 | LR: 1.00e-04
Step 1820 | Loss: 6.9320 | PPL: 1024.57 | Tokens: 14,909,440 | LR: 1.00e-04
Step 1830 | Loss: 6.6160 | PPL: 746.99 | Tokens: 14,991,360 | LR: 1.00e-04
Step 1840 | Loss: 6.8350 | PPL: 929.84 | Tokens: 15,073,280 | LR: 1.00e-04
Step 1850 | Loss: 6.9161 | PPL: 1008.40 | Tokens: 15,155,200 | LR: 1.00e-04
Step 1860 | Loss: 6.5683 | PPL: 712.16 | Tokens: 15,237,120 | LR: 1.00e-04
Step 1870 | Loss: 6.9353 | PPL: 1027.93 | Tokens: 15,319,040 | LR: 1.00e-04
Step 1880 | Loss: 6.5693 | PPL: 712.88 | Tokens: 15,400,960 | LR: 1.00e-04
Step 1890 | Loss: 6.9354 | PPL: 1028.05 | Tokens: 15,482,880 | LR: 1.00e-04
Step 1900 | Loss: 6.8876 | PPL: 980.05 | Tokens: 15,564,800 | LR: 1.00e-04
Step 1910 | Loss: 7.1080 | PPL: 1221.75 | Tokens: 15,646,720 | LR: 1.00e-04
Step 1920 | Loss: 6.9810 | PPL: 1075.99 | Tokens: 15,728,640 | LR: 1.00e-04
Step 1930 | Loss: 6.8509 | PPL: 944.69 | Tokens: 15,810,560 | LR: 1.00e-04
Step 1940 | Loss: 7.0664 | PPL: 1171.92 | Tokens: 15,892,480 | LR: 1.00e-04
Step 1950 | Loss: 6.7819 | PPL: 881.73 | Tokens: 15,974,400 | LR: 1.00e-04
Step 1960 | Loss: 7.2815 | PPL: 1453.23 | Tokens: 16,056,320 | LR: 1.00e-04
Step 1970 | Loss: 6.7261 | PPL: 833.88 | Tokens: 16,138,240 | LR: 1.00e-04
Step 1980 | Loss: 6.6973 | PPL: 810.22 | Tokens: 16,220,160 | LR: 1.00e-04
Step 1990 | Loss: 7.4629 | PPL: 1742.23 | Tokens: 16,302,080 | LR: 1.00e-04
Step 2000 | Loss: 7.0151 | PPL: 1113.31 | Tokens: 16,384,000 | LR: 1.00e-04
Step 2010 | Loss: 6.8367 | PPL: 931.42 | Tokens: 16,465,920 | LR: 1.00e-04
Step 2020 | Loss: 7.1459 | PPL: 1268.89 | Tokens: 16,547,840 | LR: 1.00e-04
Step 2030 | Loss: 7.0648 | PPL: 1170.01 | Tokens: 16,629,760 | LR: 1.00e-04
Step 2040 | Loss: 6.7328 | PPL: 839.47 | Tokens: 16,711,680 | LR: 1.00e-04
Step 2050 | Loss: 6.9246 | PPL: 1017.00 | Tokens: 16,793,600 | LR: 1.00e-04
Step 2060 | Loss: 7.0500 | PPL: 1152.91 | Tokens: 16,875,520 | LR: 1.00e-04
Step 2070 | Loss: 7.4245 | PPL: 1676.62 | Tokens: 16,957,440 | LR: 1.00e-04
Step 2080 | Loss: 6.6916 | PPL: 805.58 | Tokens: 17,039,360 | LR: 1.00e-04
Step 2090 | Loss: 6.7519 | PPL: 855.72 | Tokens: 17,121,280 | LR: 1.00e-04
Step 2100 | Loss: 7.3611 | PPL: 1573.50 | Tokens: 17,203,200 | LR: 1.00e-04
Step 2110 | Loss: 6.8218 | PPL: 917.62 | Tokens: 17,285,120 | LR: 1.00e-04
Step 2120 | Loss: 6.5497 | PPL: 699.01 | Tokens: 17,367,040 | LR: 1.00e-04
Step 2130 | Loss: 6.8747 | PPL: 967.52 | Tokens: 17,448,960 | LR: 1.00e-04
Step 2140 | Loss: 6.7978 | PPL: 895.85 | Tokens: 17,530,880 | LR: 1.00e-04
Step 2150 | Loss: 6.8746 | PPL: 967.40 | Tokens: 17,612,800 | LR: 1.00e-04
Step 2160 | Loss: 6.9480 | PPL: 1041.02 | Tokens: 17,694,720 | LR: 1.00e-04
Step 2170 | Loss: 6.9618 | PPL: 1055.51 | Tokens: 17,776,640 | LR: 1.00e-04
Step 2180 | Loss: 7.0563 | PPL: 1160.18 | Tokens: 17,858,560 | LR: 1.00e-04
Step 2190 | Loss: 6.9140 | PPL: 1006.24 | Tokens: 17,940,480 | LR: 1.00e-04
Step 2200 | Loss: 6.9832 | PPL: 1078.32 | Tokens: 18,022,400 | LR: 1.00e-04
Step 2210 | Loss: 7.0920 | PPL: 1202.31 | Tokens: 18,104,320 | LR: 1.00e-04
Step 2220 | Loss: 6.7514 | PPL: 855.24 | Tokens: 18,186,240 | LR: 1.00e-04
Step 2230 | Loss: 6.9304 | PPL: 1022.87 | Tokens: 18,268,160 | LR: 1.00e-04
Step 2240 | Loss: 7.0241 | PPL: 1123.44 | Tokens: 18,350,080 | LR: 1.00e-04
Step 2250 | Loss: 7.1538 | PPL: 1279.01 | Tokens: 18,432,000 | LR: 1.00e-04
Step 2260 | Loss: 6.9990 | PPL: 1095.54 | Tokens: 18,513,920 | LR: 1.00e-04
Step 2270 | Loss: 6.8308 | PPL: 925.97 | Tokens: 18,595,840 | LR: 1.00e-04
Step 2280 | Loss: 6.3936 | PPL: 598.00 | Tokens: 18,677,760 | LR: 1.00e-04
Step 2290 | Loss: 6.9559 | PPL: 1049.28 | Tokens: 18,759,680 | LR: 1.00e-04
Step 2300 | Loss: 7.1319 | PPL: 1251.30 | Tokens: 18,841,600 | LR: 1.00e-04
Step 2310 | Loss: 7.2256 | PPL: 1374.20 | Tokens: 18,923,520 | LR: 1.00e-04
Step 2320 | Loss: 6.9088 | PPL: 1001.00 | Tokens: 19,005,440 | LR: 1.00e-04
Step 2330 | Loss: 6.8195 | PPL: 915.54 | Tokens: 19,087,360 | LR: 1.00e-04
Step 2340 | Loss: 6.8981 | PPL: 990.36 | Tokens: 19,169,280 | LR: 1.00e-04
Step 2350 | Loss: 6.8502 | PPL: 944.03 | Tokens: 19,251,200 | LR: 1.00e-04
Step 2360 | Loss: 6.7440 | PPL: 848.98 | Tokens: 19,333,120 | LR: 1.00e-04
Step 2370 | Loss: 6.5380 | PPL: 690.89 | Tokens: 19,415,040 | LR: 1.00e-04
Step 2380 | Loss: 7.1551 | PPL: 1280.61 | Tokens: 19,496,960 | LR: 1.00e-04
Step 2390 | Loss: 6.8591 | PPL: 952.55 | Tokens: 19,578,880 | LR: 1.00e-04
Step 2400 | Loss: 6.8514 | PPL: 945.24 | Tokens: 19,660,800 | LR: 1.00e-04
Step 2410 | Loss: 7.0079 | PPL: 1105.36 | Tokens: 19,742,720 | LR: 1.00e-04
Step 2420 | Loss: 6.8309 | PPL: 926.03 | Tokens: 19,824,640 | LR: 1.00e-04
Step 2430 | Loss: 6.9095 | PPL: 1001.71 | Tokens: 19,906,560 | LR: 1.00e-04
Step 2440 | Loss: 6.7357 | PPL: 841.96 | Tokens: 19,988,480 | LR: 1.00e-04
Step 2450 | Loss: 7.0145 | PPL: 1112.60 | Tokens: 20,070,400 | LR: 1.00e-04
Step 2460 | Loss: 6.7644 | PPL: 866.44 | Tokens: 20,152,320 | LR: 1.00e-04
Step 2470 | Loss: 7.0076 | PPL: 1104.99 | Tokens: 20,234,240 | LR: 1.00e-04
Step 2480 | Loss: 6.8804 | PPL: 972.98 | Tokens: 20,316,160 | LR: 1.00e-04
Step 2490 | Loss: 6.9380 | PPL: 1030.67 | Tokens: 20,398,080 | LR: 1.00e-04
Step 2500 | Loss: 6.6897 | PPL: 804.10 | Tokens: 20,480,000 | LR: 1.00e-04
Step 2510 | Loss: 7.0093 | PPL: 1106.85 | Tokens: 20,561,920 | LR: 1.00e-04
Step 2520 | Loss: 7.0050 | PPL: 1102.13 | Tokens: 20,643,840 | LR: 1.00e-04
Step 2530 | Loss: 7.1840 | PPL: 1318.13 | Tokens: 20,725,760 | LR: 1.00e-04
Step 2540 | Loss: 6.5232 | PPL: 680.77 | Tokens: 20,807,680 | LR: 1.00e-04
Step 2550 | Loss: 6.6661 | PPL: 785.36 | Tokens: 20,889,600 | LR: 1.00e-04
Step 2560 | Loss: 7.1634 | PPL: 1291.34 | Tokens: 20,971,520 | LR: 1.00e-04
Step 2570 | Loss: 6.8990 | PPL: 991.32 | Tokens: 21,053,440 | LR: 1.00e-04
Step 2580 | Loss: 6.6473 | PPL: 770.72 | Tokens: 21,135,360 | LR: 1.00e-04
Step 2590 | Loss: 6.7425 | PPL: 847.66 | Tokens: 21,217,280 | LR: 1.00e-04
Step 2600 | Loss: 6.9458 | PPL: 1038.79 | Tokens: 21,299,200 | LR: 1.00e-04
Step 2610 | Loss: 6.9318 | PPL: 1024.35 | Tokens: 21,381,120 | LR: 1.00e-04
Step 2620 | Loss: 6.9841 | PPL: 1079.36 | Tokens: 21,463,040 | LR: 1.00e-04
Step 2630 | Loss: 6.8831 | PPL: 975.68 | Tokens: 21,544,960 | LR: 1.00e-04
Step 2640 | Loss: 6.8838 | PPL: 976.34 | Tokens: 21,626,880 | LR: 1.00e-04
Step 2650 | Loss: 6.4924 | PPL: 660.13 | Tokens: 21,708,800 | LR: 1.00e-04
Step 2660 | Loss: 7.2370 | PPL: 1389.90 | Tokens: 21,790,720 | LR: 1.00e-04
Step 2670 | Loss: 7.0982 | PPL: 1209.73 | Tokens: 21,872,640 | LR: 1.00e-04
Step 2680 | Loss: 7.2194 | PPL: 1365.65 | Tokens: 21,954,560 | LR: 1.00e-04
Step 2690 | Loss: 6.8426 | PPL: 936.94 | Tokens: 22,036,480 | LR: 1.00e-04
Step 2700 | Loss: 6.9395 | PPL: 1032.27 | Tokens: 22,118,400 | LR: 1.00e-04
Step 2710 | Loss: 7.4551 | PPL: 1728.70 | Tokens: 22,200,320 | LR: 1.00e-04
Step 2720 | Loss: 6.6523 | PPL: 774.55 | Tokens: 22,282,240 | LR: 1.00e-04
Step 2730 | Loss: 6.7374 | PPL: 843.37 | Tokens: 22,364,160 | LR: 1.00e-04
Step 2740 | Loss: 6.6643 | PPL: 783.88 | Tokens: 22,446,080 | LR: 1.00e-04
Step 2750 | Loss: 6.9891 | PPL: 1084.73 | Tokens: 22,528,000 | LR: 1.00e-04
Step 2760 | Loss: 7.0950 | PPL: 1205.89 | Tokens: 22,609,920 | LR: 1.00e-04
Step 2770 | Loss: 7.6628 | PPL: 2127.67 | Tokens: 22,691,840 | LR: 1.00e-04
Step 2780 | Loss: 6.9415 | PPL: 1034.30 | Tokens: 22,773,760 | LR: 1.00e-04
Step 2790 | Loss: 6.5747 | PPL: 716.75 | Tokens: 22,855,680 | LR: 1.00e-04
Step 2800 | Loss: 6.8366 | PPL: 931.33 | Tokens: 22,937,600 | LR: 1.00e-04
Step 2810 | Loss: 7.1709 | PPL: 1301.01 | Tokens: 23,019,520 | LR: 1.00e-04
Step 2820 | Loss: 6.9991 | PPL: 1095.70 | Tokens: 23,101,440 | LR: 1.00e-04
Step 2830 | Loss: 6.8888 | PPL: 981.19 | Tokens: 23,183,360 | LR: 1.00e-04
Step 2840 | Loss: 6.3493 | PPL: 572.11 | Tokens: 23,265,280 | LR: 1.00e-04
Step 2850 | Loss: 6.7448 | PPL: 849.61 | Tokens: 23,347,200 | LR: 1.00e-04
Step 2860 | Loss: 6.6644 | PPL: 783.97 | Tokens: 23,429,120 | LR: 1.00e-04
Step 2870 | Loss: 6.0824 | PPL: 438.08 | Tokens: 23,511,040 | LR: 1.00e-04
Step 2880 | Loss: 6.7565 | PPL: 859.61 | Tokens: 23,592,960 | LR: 1.00e-04
Step 2890 | Loss: 6.7243 | PPL: 832.39 | Tokens: 23,674,880 | LR: 1.00e-04
Step 2900 | Loss: 7.1624 | PPL: 1290.06 | Tokens: 23,756,800 | LR: 1.00e-04
Step 2910 | Loss: 7.0352 | PPL: 1135.87 | Tokens: 23,838,720 | LR: 1.00e-04
Step 2920 | Loss: 6.6206 | PPL: 750.40 | Tokens: 23,920,640 | LR: 1.00e-04
Step 2930 | Loss: 7.2022 | PPL: 1342.43 | Tokens: 24,002,560 | LR: 1.00e-04
Step 2940 | Loss: 6.4622 | PPL: 640.46 | Tokens: 24,084,480 | LR: 1.00e-04
Step 2950 | Loss: 6.6223 | PPL: 751.70 | Tokens: 24,166,400 | LR: 1.00e-04
Step 2960 | Loss: 6.8398 | PPL: 934.29 | Tokens: 24,248,320 | LR: 1.00e-04
Step 2970 | Loss: 6.5492 | PPL: 698.66 | Tokens: 24,330,240 | LR: 1.00e-04
Step 2980 | Loss: 6.4359 | PPL: 623.86 | Tokens: 24,412,160 | LR: 1.00e-04
Step 2990 | Loss: 6.7750 | PPL: 875.71 | Tokens: 24,494,080 | LR: 1.00e-04
Step 3000 | Loss: 6.7074 | PPL: 818.45 | Tokens: 24,576,000 | LR: 1.00e-04
Step 3010 | Loss: 7.1119 | PPL: 1226.51 | Tokens: 24,657,920 | LR: 1.00e-04
Step 3020 | Loss: 6.3808 | PPL: 590.41 | Tokens: 24,739,840 | LR: 1.00e-04
Step 3030 | Loss: 6.7858 | PPL: 885.17 | Tokens: 24,821,760 | LR: 1.00e-04
Step 3040 | Loss: 6.6598 | PPL: 780.39 | Tokens: 24,903,680 | LR: 1.00e-04
Step 3050 | Loss: 7.0835 | PPL: 1192.15 | Tokens: 24,985,600 | LR: 1.00e-04
Step 3060 | Loss: 7.1764 | PPL: 1308.13 | Tokens: 25,067,520 | LR: 1.00e-04
Step 3070 | Loss: 6.6175 | PPL: 748.06 | Tokens: 25,149,440 | LR: 1.00e-04
Step 3080 | Loss: 6.6509 | PPL: 773.46 | Tokens: 25,231,360 | LR: 1.00e-04
Step 3090 | Loss: 6.8957 | PPL: 987.99 | Tokens: 25,313,280 | LR: 1.00e-04
Step 3100 | Loss: 6.5931 | PPL: 730.06 | Tokens: 25,395,200 | LR: 1.00e-04
Step 3110 | Loss: 6.9655 | PPL: 1059.42 | Tokens: 25,477,120 | LR: 1.00e-04
Step 3120 | Loss: 6.6692 | PPL: 787.78 | Tokens: 25,559,040 | LR: 1.00e-04
Step 3130 | Loss: 6.8826 | PPL: 975.15 | Tokens: 25,640,960 | LR: 1.00e-04
Step 3140 | Loss: 6.6685 | PPL: 787.20 | Tokens: 25,722,880 | LR: 1.00e-04
Step 3150 | Loss: 6.7740 | PPL: 874.79 | Tokens: 25,804,800 | LR: 1.00e-04
Step 3160 | Loss: 6.7185 | PPL: 827.57 | Tokens: 25,886,720 | LR: 1.00e-04
Step 3170 | Loss: 6.6093 | PPL: 741.94 | Tokens: 25,968,640 | LR: 1.00e-04
Step 3180 | Loss: 6.5828 | PPL: 722.60 | Tokens: 26,050,560 | LR: 1.00e-04
Step 3190 | Loss: 6.7054 | PPL: 816.80 | Tokens: 26,132,480 | LR: 1.00e-04
Step 3200 | Loss: 6.5669 | PPL: 711.14 | Tokens: 26,214,400 | LR: 1.00e-04
Step 3210 | Loss: 6.7082 | PPL: 819.10 | Tokens: 26,296,320 | LR: 1.00e-04
Step 3220 | Loss: 6.6330 | PPL: 759.79 | Tokens: 26,378,240 | LR: 1.00e-04
Step 3230 | Loss: 6.9410 | PPL: 1033.79 | Tokens: 26,460,160 | LR: 1.00e-04
Step 3240 | Loss: 7.0517 | PPL: 1154.81 | Tokens: 26,542,080 | LR: 1.00e-04
Step 3250 | Loss: 5.9776 | PPL: 394.49 | Tokens: 26,624,000 | LR: 1.00e-04
Step 3260 | Loss: 6.3285 | PPL: 560.29 | Tokens: 26,705,920 | LR: 1.00e-04
Step 3270 | Loss: 6.9435 | PPL: 1036.36 | Tokens: 26,787,840 | LR: 1.00e-04
Step 3280 | Loss: 6.8699 | PPL: 962.87 | Tokens: 26,869,760 | LR: 1.00e-04
Step 3290 | Loss: 6.6991 | PPL: 811.70 | Tokens: 26,951,680 | LR: 1.00e-04
Step 3300 | Loss: 6.8974 | PPL: 989.72 | Tokens: 27,033,600 | LR: 1.00e-04
Step 3310 | Loss: 7.2035 | PPL: 1344.16 | Tokens: 27,115,520 | LR: 1.00e-04
Step 3320 | Loss: 6.7843 | PPL: 883.86 | Tokens: 27,197,440 | LR: 1.00e-04
Step 3330 | Loss: 6.7554 | PPL: 858.68 | Tokens: 27,279,360 | LR: 1.00e-04
Step 3340 | Loss: 6.0760 | PPL: 435.29 | Tokens: 27,361,280 | LR: 1.00e-04
Step 3350 | Loss: 6.8192 | PPL: 915.29 | Tokens: 27,443,200 | LR: 1.00e-04
Step 3360 | Loss: 6.6597 | PPL: 780.28 | Tokens: 27,525,120 | LR: 1.00e-04
Step 3370 | Loss: 6.6934 | PPL: 807.04 | Tokens: 27,607,040 | LR: 1.00e-04
Step 3380 | Loss: 6.8990 | PPL: 991.25 | Tokens: 27,688,960 | LR: 1.00e-04
Step 3390 | Loss: 7.1649 | PPL: 1293.27 | Tokens: 27,770,880 | LR: 1.00e-04
