============================================================
Argonne Model Training (DDP)
============================================================
Using device: cuda:0, World size: 2
Vocab size: 151669, EOS token ID: 151643
Using 2 GPUs with DistributedDataParallel
Compiling model with torch.compile...
Model parameters: 1,376,413,696
Mixed precision: autocast bf16
Attention Residuals: ON (block_size=4, 2 layers/block, ~8 blocks)
DataLoader: 20,839,021,454 tokens
Training for 1 epoch(s) ~= 2543825 steps (20,839,021,454 tokens)

Starting training...
GPUs: 2, Batch size per GPU: 2
Sequence length: 1024
Total batch size: 8192 tokens (requested: 8192)
Gradient accumulation steps: 2
Training for 1 epoch(s) (estimated ~2543825 steps)
LR: 0.0001, Warmup: 1000, Min LR Ratio: 0.1, Precision: bf16, TorchCompile: 1
Checkpoint interval: 999999 seconds
Mode: continued pretraining (fresh schedule)
------------------------------------------------------------
